#
# There is insufficient memory for the Java Runtime Environment to continue.
# Native memory allocation (malloc) failed to allocate 65552 bytes for Chunk::new
# Possible reasons:
#   The system is out of physical RAM or swap space
#   In 32 bit mode, the process size limit was hit
# Possible solutions:
#   Reduce memory load on the system
#   Increase physical memory or swap space
#   Check if swap backing store is full
#   Use 64 bit Java on a 64 bit OS
#   Decrease Java heap size (-Xmx/-Xms)
#   Decrease number of Java threads
#   Decrease Java thread stack sizes (-Xss)
#   Set larger code cache with -XX:ReservedCodeCacheSize=
# This output file may be truncated or incomplete.
#
#  Out of Memory Error (allocation.cpp:390), pid=19424, tid=0x00000000000045b0
#
# JRE version: OpenJDK Runtime Environment (8.0_152-b01) (build 1.8.0_152-release-1343-b01)
# Java VM: OpenJDK 64-Bit Server VM (25.152-b01 mixed mode windows-amd64 compressed oops)
# Failed to write core dump. Minidumps are not enabled by default on client versions of Windows
#

---------------  T H R E A D  ---------------

Current thread (0x000000001631e800):  JavaThread "C2 CompilerThread1" daemon [_thread_in_native, id=17840, stack(0x0000000017d10000,0x0000000017e10000)]

Stack: [0x0000000017d10000,0x0000000017e10000]
[error occurred during error reporting (printing stack bounds), id 0xc0000005]

Native frames: (J=compiled Java code, j=interpreted, Vv=VM code, C=native code)


Current CompileTask:
C2:  13401 2229  s!   4       sun.misc.URLClassPath::getLoader (243 bytes)


---------------  P R O C E S S  ---------------

Java Threads: ( => current thread )
  0x000000001850b000 JavaThread "Cache worker for file hash cache (C:\Git\Shopping-Cart\.gradle\5.1.1\fileHashes)" [_thread_blocked, id=19760, stack(0x000000001cc60000,0x000000001cd60000)]
  0x0000000018509800 JavaThread "Cache worker for journal cache (C:\Users\ê¹€ê±´í˜•\.gradle\caches\journal-1)" [_thread_blocked, id=19204, stack(0x000000001a8c0000,0x000000001a9c0000)]
  0x000000001850d000 JavaThread "File lock request listener" [_thread_in_native, id=13096, stack(0x000000001a7c0000,0x000000001a8c0000)]
  0x000000001778a800 JavaThread "Cache worker for file hash cache (C:\Users\ê¹€ê±´í˜•\.gradle\caches\5.1.1\fileHashes)" [_thread_blocked, id=18248, stack(0x000000001a6c0000,0x000000001a7c0000)]
  0x00000000188be000 JavaThread "Thread-8" [_thread_blocked, id=19676, stack(0x000000001a5c0000,0x000000001a6c0000)]
  0x000000001920f800 JavaThread "Stdin handler" [_thread_blocked, id=7564, stack(0x000000001a4c0000,0x000000001a5c0000)]
  0x000000001920e800 JavaThread "Asynchronous log dispatcher for DefaultDaemonConnection: socket connection from /127.0.0.1:49948 to /127.0.0.1:49949" [_thread_blocked, id=7336, stack(0x000000001a3c0000,0x000000001a4c0000)]
  0x00000000191ff000 JavaThread "Daemon worker" [_thread_in_vm, id=20280, stack(0x000000001a2c0000,0x000000001a3c0000)]
  0x00000000191fe000 JavaThread "Cancel handler" [_thread_blocked, id=14240, stack(0x000000001a1c0000,0x000000001a2c0000)]
  0x0000000018486800 JavaThread "Handler for socket connection from /127.0.0.1:49948 to /127.0.0.1:49949" [_thread_in_native, id=17124, stack(0x0000000019ec0000,0x0000000019fc0000)]
  0x0000000018486000 JavaThread "Daemon" [_thread_blocked, id=11524, stack(0x0000000019dc0000,0x0000000019ec0000)]
  0x000000001787d800 JavaThread "Daemon periodic checks" [_thread_blocked, id=10820, stack(0x0000000019cc0000,0x0000000019dc0000)]
  0x0000000017688800 JavaThread "Incoming local TCP Connector on port 49948" [_thread_in_native, id=19836, stack(0x0000000019ae0000,0x0000000019be0000)]
  0x000000001769e800 JavaThread "Service Thread" daemon [_thread_blocked, id=14332, stack(0x0000000017f10000,0x0000000018010000)]
  0x0000000017622800 JavaThread "C1 CompilerThread2" daemon [_thread_in_native, id=16048, stack(0x0000000017e10000,0x0000000017f10000)]
=>0x000000001631e800 JavaThread "C2 CompilerThread1" daemon [_thread_in_native, id=17840, stack(0x0000000017d10000,0x0000000017e10000)]
  0x000000001631b800 JavaThread "C2 CompilerThread0" daemon [_thread_in_native, id=15796, stack(0x0000000017c10000,0x0000000017d10000)]
  0x00000000162ce800 JavaThread "Attach Listener" daemon [_thread_blocked, id=9988, stack(0x0000000017b10000,0x0000000017c10000)]
  0x0000000017618800 JavaThread "Signal Dispatcher" daemon [_thread_blocked, id=16960, stack(0x0000000017a10000,0x0000000017b10000)]
  0x000000000294c000 JavaThread "Finalizer" daemon [_thread_blocked, id=15680, stack(0x0000000017510000,0x0000000017610000)]
  0x0000000002941000 JavaThread "Reference Handler" daemon [_thread_blocked, id=5000, stack(0x0000000017410000,0x0000000017510000)]
  0x0000000002852800 JavaThread "main" [_thread_blocked, id=9816, stack(0x00000000023e0000,0x00000000024e0000)]

Other Threads:
  0x0000000016287800 VMThread [stack: 0x0000000017310000,0x0000000017410000] [id=15828]
  0x000000001769f800 WatcherThread [stack: 0x0000000018010000,0x0000000018110000] [id=15272]

VM state:not at safepoint (normal execution)

VM Mutex/Monitor currently owned by a thread: None

Heap:
 PSYoungGen      total 77312K, used 17207K [0x00000000e0000000, 0x00000000e5600000, 0x0000000100000000)
  eden space 66560K, 25% used [0x00000000e0000000,0x00000000e10cdde0,0x00000000e4100000)
  from space 10752K, 0% used [0x00000000e4100000,0x00000000e4100000,0x00000000e4b80000)
  to   space 10752K, 0% used [0x00000000e4b80000,0x00000000e4b80000,0x00000000e5600000)
 ParOldGen       total 57344K, used 13473K [0x00000000a0000000, 0x00000000a3800000, 0x00000000e0000000)
  object space 57344K, 23% used [0x00000000a0000000,0x00000000a0d284f0,0x00000000a3800000)
 Metaspace       used 28648K, capacity 29173K, committed 29440K, reserved 1075200K
  class space    used 3855K, capacity 4040K, committed 4096K, reserved 1048576K

Card table byte_map: [0x0000000011d10000,0x0000000012020000] byte_map_base: 0x0000000011810000

Marking Bits: (ParMarkBitMap*) 0x0000000059475aa0
 Begin Bits: [0x0000000012620000, 0x0000000013e20000)
 End Bits:   [0x0000000013e20000, 0x0000000015620000)

Polling page: 0x0000000000640000

CodeCache: size=245760Kb used=7479Kb max_used=7722Kb free=238280Kb
 bounds [0x0000000002950000, 0x00000000030e0000, 0x0000000011950000]
 total_blobs=2694 nmethods=2023 adapters=581
 compilation: enabled

Compilation events (10 events):
Event: 13.382 Thread 0x0000000017622800 nmethod 2235 0x0000000002cb8ed0 code [0x0000000002cb9020, 0x0000000002cb91d0]
Event: 13.382 Thread 0x0000000017622800 2236       3       org.codehaus.groovy.util.ComplexKeyHashMap$1::hasNext (13 bytes)
Event: 13.382 Thread 0x0000000017622800 nmethod 2236 0x0000000002b15cd0 code [0x0000000002b15e20, 0x0000000002b15fd0]
Event: 13.383 Thread 0x0000000017622800 2237       3       org.codehaus.groovy.reflection.CachedMethod$MyComparator::compare (43 bytes)
Event: 13.383 Thread 0x0000000017622800 nmethod 2237 0x0000000002d2a1d0 code [0x0000000002d2a400, 0x0000000002d2b208]
Event: 13.383 Thread 0x0000000017622800 2238       3       org.codehaus.groovy.reflection.CachedMethod::compareToMethod (125 bytes)
Event: 13.385 Thread 0x0000000017622800 nmethod 2238 0x0000000002e4f4d0 code [0x0000000002e4f740, 0x0000000002e50c08]
Event: 13.385 Thread 0x0000000017622800 2239  s!   3       java.beans.PropertyDescriptor::getPropertyType (33 bytes)
Event: 13.386 Thread 0x0000000017622800 nmethod 2239 0x0000000002e4e410 code [0x0000000002e4e600, 0x0000000002e4f068]
Event: 13.386 Thread 0x0000000017622800 2240       3       groovy.lang.MetaClassImpl$Index::getNotNull (32 bytes)

GC Heap History (10 events):
Event: 10.407 GC heap before
{Heap before GC invocations=5 (full 0):
 PSYoungGen      total 38400K, used 38393K [0x00000000e0000000, 0x00000000e2a80000, 0x0000000100000000)
  eden space 33280K, 100% used [0x00000000e0000000,0x00000000e2080000,0x00000000e2080000)
  from space 5120K, 99% used [0x00000000e2580000,0x00000000e2a7e640,0x00000000e2a80000)
  to   space 5120K, 0% used [0x00000000e2080000,0x00000000e2080000,0x00000000e2580000)
 ParOldGen       total 87552K, used 5666K [0x00000000a0000000, 0x00000000a5580000, 0x00000000e0000000)
  object space 87552K, 6% used [0x00000000a0000000,0x00000000a0588b80,0x00000000a5580000)
 Metaspace       used 19635K, capacity 20154K, committed 20224K, reserved 1067008K
  class space    used 2814K, capacity 3027K, committed 3072K, reserved 1048576K
Event: 10.430 GC heap after
Heap after GC invocations=5 (full 0):
 PSYoungGen      total 38400K, used 5101K [0x00000000e0000000, 0x00000000e5600000, 0x0000000100000000)
  eden space 33280K, 0% used [0x00000000e0000000,0x00000000e0000000,0x00000000e2080000)
  from space 5120K, 99% used [0x00000000e2080000,0x00000000e257b660,0x00000000e2580000)
  to   space 10752K, 0% used [0x00000000e4b80000,0x00000000e4b80000,0x00000000e5600000)
 ParOldGen       total 87552K, used 9724K [0x00000000a0000000, 0x00000000a5580000, 0x00000000e0000000)
  object space 87552K, 11% used [0x00000000a0000000,0x00000000a097f1b0,0x00000000a5580000)
 Metaspace       used 19635K, capacity 20154K, committed 20224K, reserved 1067008K
  class space    used 2814K, capacity 3027K, committed 3072K, reserved 1048576K
}
Event: 10.650 GC heap before
{Heap before GC invocations=6 (full 0):
 PSYoungGen      total 38400K, used 11777K [0x00000000e0000000, 0x00000000e5600000, 0x0000000100000000)
  eden space 33280K, 20% used [0x00000000e0000000,0x00000000e0685130,0x00000000e2080000)
  from space 5120K, 99% used [0x00000000e2080000,0x00000000e257b660,0x00000000e2580000)
  to   space 10752K, 0% used [0x00000000e4b80000,0x00000000e4b80000,0x00000000e5600000)
 ParOldGen       total 87552K, used 9724K [0x00000000a0000000, 0x00000000a5580000, 0x00000000e0000000)
  object space 87552K, 11% used [0x00000000a0000000,0x00000000a097f1b0,0x00000000a5580000)
 Metaspace       used 20632K, capacity 21114K, committed 21296K, reserved 1067008K
  class space    used 2895K, capacity 3091K, committed 3200K, reserved 1048576K
Event: 10.662 GC heap after
Heap after GC invocations=6 (full 0):
 PSYoungGen      total 77312K, used 6150K [0x00000000e0000000, 0x00000000e5600000, 0x0000000100000000)
  eden space 66560K, 0% used [0x00000000e0000000,0x00000000e0000000,0x00000000e4100000)
  from space 10752K, 57% used [0x00000000e4b80000,0x00000000e5181af8,0x00000000e5600000)
  to   space 10752K, 0% used [0x00000000e4100000,0x00000000e4100000,0x00000000e4b80000)
 ParOldGen       total 87552K, used 9732K [0x00000000a0000000, 0x00000000a5580000, 0x00000000e0000000)
  object space 87552K, 11% used [0x00000000a0000000,0x00000000a09811b0,0x00000000a5580000)
 Metaspace       used 20632K, capacity 21114K, committed 21296K, reserved 1067008K
  class space    used 2895K, capacity 3091K, committed 3200K, reserved 1048576K
}
Event: 10.662 GC heap before
{Heap before GC invocations=7 (full 1):
 PSYoungGen      total 77312K, used 6150K [0x00000000e0000000, 0x00000000e5600000, 0x0000000100000000)
  eden space 66560K, 0% used [0x00000000e0000000,0x00000000e0000000,0x00000000e4100000)
  from space 10752K, 57% used [0x00000000e4b80000,0x00000000e5181af8,0x00000000e5600000)
  to   space 10752K, 0% used [0x00000000e4100000,0x00000000e4100000,0x00000000e4b80000)
 ParOldGen       total 87552K, used 9732K [0x00000000a0000000, 0x00000000a5580000, 0x00000000e0000000)
  object space 87552K, 11% used [0x00000000a0000000,0x00000000a09811b0,0x00000000a5580000)
 Metaspace       used 20632K, capacity 21114K, committed 21296K, reserved 1067008K
  class space    used 2895K, capacity 3091K, committed 3200K, reserved 1048576K
Event: 10.736 GC heap after
Heap after GC invocations=7 (full 1):
 PSYoungGen      total 77312K, used 0K [0x00000000e0000000, 0x00000000e5600000, 0x0000000100000000)
  eden space 66560K, 0% used [0x00000000e0000000,0x00000000e0000000,0x00000000e4100000)
  from space 10752K, 0% used [0x00000000e4b80000,0x00000000e4b80000,0x00000000e5600000)
  to   space 10752K, 0% used [0x00000000e4100000,0x00000000e4100000,0x00000000e4b80000)
 ParOldGen       total 57344K, used 10402K [0x00000000a0000000, 0x00000000a3800000, 0x00000000e0000000)
  object space 57344K, 18% used [0x00000000a0000000,0x00000000a0a28a78,0x00000000a3800000)
 Metaspace       used 20632K, capacity 21114K, committed 21296K, reserved 1067008K
  class space    used 2895K, capacity 3091K, committed 3200K, reserved 1048576K
}
Event: 12.881 GC heap before
{Heap before GC invocations=8 (full 1):
 PSYoungGen      total 77312K, used 48085K [0x00000000e0000000, 0x00000000e5600000, 0x0000000100000000)
  eden space 66560K, 72% used [0x00000000e0000000,0x00000000e2ef5678,0x00000000e4100000)
  from space 10752K, 0% used [0x00000000e4b80000,0x00000000e4b80000,0x00000000e5600000)
  to   space 10752K, 0% used [0x00000000e4100000,0x00000000e4100000,0x00000000e4b80000)
 ParOldGen       total 57344K, used 10402K [0x00000000a0000000, 0x00000000a3800000, 0x00000000e0000000)
  object space 57344K, 18% used [0x00000000a0000000,0x00000000a0a28a78,0x00000000a3800000)
 Metaspace       used 27160K, capacity 27660K, committed 27776K, reserved 1077248K
  class space    used 3695K, capacity 3901K, committed 3968K, reserved 1048576K
Event: 12.893 GC heap after
Heap after GC invocations=8 (full 1):
 PSYoungGen      total 77312K, used 6517K [0x00000000e0000000, 0x00000000e5600000, 0x0000000100000000)
  eden space 66560K, 0% used [0x00000000e0000000,0x00000000e0000000,0x00000000e4100000)
  from space 10752K, 60% used [0x00000000e4100000,0x00000000e475d5f0,0x00000000e4b80000)
  to   space 10752K, 0% used [0x00000000e4b80000,0x00000000e4b80000,0x00000000e5600000)
 ParOldGen       total 57344K, used 10410K [0x00000000a0000000, 0x00000000a3800000, 0x00000000e0000000)
  object space 57344K, 18% used [0x00000000a0000000,0x00000000a0a2aa78,0x00000000a3800000)
 Metaspace       used 27160K, capacity 27660K, committed 27776K, reserved 1077248K
  class space    used 3695K, capacity 3901K, committed 3968K, reserved 1048576K
}
Event: 12.893 GC heap before
{Heap before GC invocations=9 (full 2):
 PSYoungGen      total 77312K, used 6517K [0x00000000e0000000, 0x00000000e5600000, 0x0000000100000000)
  eden space 66560K, 0% used [0x00000000e0000000,0x00000000e0000000,0x00000000e4100000)
  from space 10752K, 60% used [0x00000000e4100000,0x00000000e475d5f0,0x00000000e4b80000)
  to   space 10752K, 0% used [0x00000000e4b80000,0x00000000e4b80000,0x00000000e5600000)
 ParOldGen       total 57344K, used 10410K [0x00000000a0000000, 0x00000000a3800000, 0x00000000e0000000)
  object space 57344K, 18% used [0x00000000a0000000,0x00000000a0a2aa78,0x00000000a3800000)
 Metaspace       used 27160K, capacity 27660K, committed 27776K, reserved 1077248K
  class space    used 3695K, capacity 3901K, committed 3968K, reserved 1048576K
Event: 13.011 GC heap after
Heap after GC invocations=9 (full 2):
 PSYoungGen      total 77312K, used 0K [0x00000000e0000000, 0x00000000e5600000, 0x0000000100000000)
  eden space 66560K, 0% used [0x00000000e0000000,0x00000000e0000000,0x00000000e4100000)
  from space 10752K, 0% used [0x00000000e4100000,0x00000000e4100000,0x00000000e4b80000)
  to   space 10752K, 0% used [0x00000000e4b80000,0x00000000e4b80000,0x00000000e5600000)
 ParOldGen       total 57344K, used 13473K [0x00000000a0000000, 0x00000000a3800000, 0x00000000e0000000)
  object space 57344K, 23% used [0x00000000a0000000,0x00000000a0d284f0,0x00000000a3800000)
 Metaspace       used 27160K, capacity 27660K, committed 27776K, reserved 1075200K
  class space    used 3695K, capacity 3901K, committed 3968K, reserved 1048576K
}

Deoptimization events (10 events):
Event: 11.666 Thread 0x00000000191ff000 Uncommon trap: reason=unstable_if action=reinterpret pc=0x0000000002f3aa70 method=java.lang.String.regionMatches(ZILjava/lang/String;II)Z @ 41
Event: 11.676 Thread 0x00000000191ff000 Uncommon trap: reason=unstable_if action=reinterpret pc=0x0000000002f2e1c8 method=java.lang.ClassLoader.getClassLoadingLock(Ljava/lang/String;)Ljava/lang/Object; @ 6
Event: 11.747 Thread 0x00000000191ff000 Uncommon trap: reason=class_check action=maybe_recompile pc=0x0000000002ac4758 method=sun.misc.URLClassPath.getLoader(I)Lsun/misc/URLClassPath$Loader; @ 239
Event: 11.771 Thread 0x00000000191ff000 Uncommon trap: reason=class_check action=maybe_recompile pc=0x0000000002ac4758 method=sun.misc.URLClassPath.getLoader(I)Lsun/misc/URLClassPath$Loader; @ 239
Event: 12.244 Thread 0x00000000191ff000 Uncommon trap: reason=unstable_if action=reinterpret pc=0x0000000002e03aa0 method=java.util.HashMap.hash(Ljava/lang/Object;)I @ 1
Event: 12.595 Thread 0x00000000191ff000 Uncommon trap: reason=unstable_if action=reinterpret pc=0x0000000002be5178 method=java.util.HashMap.getNode(ILjava/lang/Object;)Ljava/util/HashMap$Node; @ 53
Event: 12.595 Thread 0x00000000191ff000 Uncommon trap: reason=unstable_if action=reinterpret pc=0x0000000002dd3090 method=java.util.HashMap.hash(Ljava/lang/Object;)I @ 1
Event: 12.595 Thread 0x00000000191ff000 Uncommon trap: reason=unstable_if action=reinterpret pc=0x0000000002dcf320 method=java.util.HashMap.putVal(ILjava/lang/Object;Ljava/lang/Object;ZZ)Ljava/lang/Object; @ 85
Event: 12.828 Thread 0x00000000191ff000 Uncommon trap: reason=unstable_if action=reinterpret pc=0x0000000002c3afb0 method=java.util.LinkedHashMap.afterNodeInsertion(Z)V @ 1
Event: 13.355 Thread 0x00000000191ff000 Uncommon trap: reason=class_check action=maybe_recompile pc=0x0000000002ac4644 method=sun.misc.URLClassPath.getLoader(I)Lsun/misc/URLClassPath$Loader; @ 94

Classes redefined (0 events):
No events

Internal exceptions (10 events):
Event: 12.017 Thread 0x00000000188be000 Exception <a 'java/lang/NoSuchMethodError': <clinit>> (0x00000000e0009d10) thrown at [D:\src\AOSP-openjdk-cygwin\jdk8u\hotspot\src\share\vm\prims\jni.cpp, line 1613]
Event: 12.021 Thread 0x00000000188be000 Exception <a 'java/lang/NoSuchMethodError': <clinit>> (0x00000000e001f298) thrown at [D:\src\AOSP-openjdk-cygwin\jdk8u\hotspot\src\share\vm\prims\jni.cpp, line 1613]
Event: 12.021 Thread 0x00000000188be000 Exception <a 'java/lang/NoSuchMethodError': <clinit>> (0x00000000e001ffb0) thrown at [D:\src\AOSP-openjdk-cygwin\jdk8u\hotspot\src\share\vm\prims\jni.cpp, line 1613]
Event: 12.022 Thread 0x00000000188be000 Exception <a 'java/lang/NoSuchMethodError': <clinit>> (0x00000000e0021570) thrown at [D:\src\AOSP-openjdk-cygwin\jdk8u\hotspot\src\share\vm\prims\jni.cpp, line 1613]
Event: 12.244 Thread 0x00000000191ff000 Implicit null exception at 0x0000000002e03895 to 0x0000000002e03a91
Event: 12.595 Thread 0x00000000191ff000 Implicit null exception at 0x0000000002dd2c1b to 0x0000000002dd3075
Event: 13.367 Thread 0x00000000191ff000 Exception <a 'java/lang/ClassNotFoundException': build_4nsb4ms8ndrammqnfk4dyzhjpBeanInfo> (0x00000000e0ef5ec8) thrown at [D:\src\AOSP-openjdk-cygwin\jdk8u\hotspot\src\share\vm\classfile\systemDictionary.cpp, line 210]
Event: 13.367 Thread 0x00000000191ff000 Exception <a 'java/lang/ClassNotFoundException': org/gradle/api/internal/project/ProjectScriptBeanInfo> (0x00000000e0f0be50) thrown at [D:\src\AOSP-openjdk-cygwin\jdk8u\hotspot\src\share\vm\classfile\systemDictionary.cpp, line 210]
Event: 13.368 Thread 0x00000000191ff000 Exception <a 'java/lang/ClassNotFoundException': org/gradle/api/internal/project/ProjectScriptCustomizer> (0x00000000e0f21ee8) thrown at [D:\src\AOSP-openjdk-cygwin\jdk8u\hotspot\src\share\vm\classfile\systemDictionary.cpp, line 210]
Event: 13.378 Thread 0x00000000191ff000 Exception <a 'java/lang/ClassNotFoundException': build_4nsb4ms8ndrammqnfk4dyzhjpCustomizer> (0x00000000e0f41e90) thrown at [D:\src\AOSP-openjdk-cygwin\jdk8u\hotspot\src\share\vm\classfile\systemDictionary.cpp, line 210]

Events (10 events):
Event: 13.374 Thread 0x0000000017622800 flushing nmethod 0x0000000002d2a1d0
Event: 13.374 Thread 0x0000000017622800 flushing nmethod 0x0000000002d90050
Event: 13.374 Thread 0x0000000017622800 flushing nmethod 0x0000000002d904d0
Event: 13.375 Thread 0x0000000017622800 flushing nmethod 0x0000000002e4aa50
Event: 13.375 Thread 0x0000000017622800 flushing nmethod 0x0000000002eb4cd0
Event: 13.375 Thread 0x0000000017622800 flushing nmethod 0x0000000002efe0d0
Event: 13.377 loading class build_4nsb4ms8ndrammqnfk4dyzhjpCustomizer
Event: 13.377 loading class build_4nsb4ms8ndrammqnfk4dyzhjpCustomizer done
Event: 13.377 loading class build_4nsb4ms8ndrammqnfk4dyzhjpCustomizer
Event: 13.377 loading class build_4nsb4ms8ndrammqnfk4dyzhjpCustomizer done


Dynamic libraries:
0x00007ff74d510000 - 0x00007ff74d541000 	C:\Program Files\Android\Android Studio\jre\bin\java.exe
0x00007ff902ce0000 - 0x00007ff902ec1000 	C:\WINDOWS\SYSTEM32\ntdll.dll
0x00007ff9022b0000 - 0x00007ff902361000 	C:\WINDOWS\System32\KERNEL32.DLL
0x00007ff8ffd00000 - 0x00007ff8fff73000 	C:\WINDOWS\System32\KERNELBASE.dll
0x00007ff902200000 - 0x00007ff9022a1000 	C:\WINDOWS\System32\ADVAPI32.dll
0x00007ff9007b0000 - 0x00007ff90084e000 	C:\WINDOWS\System32\msvcrt.dll
0x00007ff900880000 - 0x00007ff9008db000 	C:\WINDOWS\System32\sechost.dll
0x00007ff9029c0000 - 0x00007ff902ae4000 	C:\WINDOWS\System32\RPCRT4.dll
0x00007ff9008e0000 - 0x00007ff900a70000 	C:\WINDOWS\System32\USER32.dll
0x00007ff8ff330000 - 0x00007ff8ff350000 	C:\WINDOWS\System32\win32u.dll
0x00007ff902120000 - 0x00007ff902148000 	C:\WINDOWS\System32\GDI32.dll
0x00007ff8fffd0000 - 0x00007ff900162000 	C:\WINDOWS\System32\gdi32full.dll
0x00007ff8ff290000 - 0x00007ff8ff32f000 	C:\WINDOWS\System32\msvcp_win.dll
0x00007ff8ff190000 - 0x00007ff8ff288000 	C:\WINDOWS\System32\ucrtbase.dll
0x00007ff8f2980000 - 0x00007ff8f2be9000 	C:\WINDOWS\WinSxS\amd64_microsoft.windows.common-controls_6595b64144ccf1df_6.0.17134.765_none_fb42a1a930655896\COMCTL32.dll
0x00007ff900300000 - 0x00007ff900622000 	C:\WINDOWS\System32\combase.dll
0x00007ff8ff110000 - 0x00007ff8ff18a000 	C:\WINDOWS\System32\bcryptPrimitives.dll
0x00007ff900850000 - 0x00007ff90087d000 	C:\WINDOWS\System32\IMM32.DLL
0x0000000059d20000 - 0x0000000059df2000 	C:\Program Files\Android\Android Studio\jre\jre\bin\msvcr100.dll
0x0000000058cb0000 - 0x00000000594f1000 	C:\Program Files\Android\Android Studio\jre\jre\bin\server\jvm.dll
0x00007ff9002f0000 - 0x00007ff9002f8000 	C:\WINDOWS\System32\PSAPI.DLL
0x00007ff8f4a70000 - 0x00007ff8f4a7a000 	C:\WINDOWS\SYSTEM32\VERSION.dll
0x00007ff8f3370000 - 0x00007ff8f3393000 	C:\WINDOWS\SYSTEM32\WINMM.dll
0x00007ff8f2d80000 - 0x00007ff8f2daa000 	C:\WINDOWS\SYSTEM32\WINMMBASE.dll
0x00007ff8fff80000 - 0x00007ff8fffc9000 	C:\WINDOWS\System32\cfgmgr32.dll
0x00007ff8fac10000 - 0x00007ff8fac19000 	C:\WINDOWS\SYSTEM32\WSOCK32.dll
0x00007ff9020b0000 - 0x00007ff90211c000 	C:\WINDOWS\System32\WS2_32.dll
0x00007ff8f9fa0000 - 0x00007ff8f9faf000 	C:\Program Files\Android\Android Studio\jre\jre\bin\verify.dll
0x00007ff8f9f70000 - 0x00007ff8f9f99000 	C:\Program Files\Android\Android Studio\jre\jre\bin\java.dll
0x00007ff8f9ee0000 - 0x00007ff8f9ef6000 	C:\Program Files\Android\Android Studio\jre\jre\bin\zip.dll
0x00007ff900c70000 - 0x00007ff9020b0000 	C:\WINDOWS\System32\SHELL32.dll
0x00007ff902150000 - 0x00007ff9021f9000 	C:\WINDOWS\System32\shcore.dll
0x00007ff8ff540000 - 0x00007ff8ffc4d000 	C:\WINDOWS\System32\windows.storage.dll
0x00007ff902af0000 - 0x00007ff902b41000 	C:\WINDOWS\System32\shlwapi.dll
0x00007ff8ff070000 - 0x00007ff8ff081000 	C:\WINDOWS\System32\kernel.appcore.dll
0x00007ff8ff090000 - 0x00007ff8ff0af000 	C:\WINDOWS\System32\profapi.dll
0x00007ff8ff020000 - 0x00007ff8ff06c000 	C:\WINDOWS\System32\powrprof.dll
0x00007ff8feff0000 - 0x00007ff8feffa000 	C:\WINDOWS\System32\FLTLIB.DLL
0x00007ff8f6b90000 - 0x00007ff8f6baa000 	C:\Program Files\Android\Android Studio\jre\jre\bin\net.dll
0x00007ff8fe870000 - 0x00007ff8fe8d6000 	C:\WINDOWS\system32\mswsock.dll
0x00007ff8edbd0000 - 0x00007ff8edbe1000 	C:\Program Files\Android\Android Studio\jre\jre\bin\nio.dll
0x00007ff8fbb60000 - 0x00007ff8fbb7e000 	C:\Users\±è°ÇÇü\.gradle\native\25\windows-amd64\native-platform.dll
0x00007ff8f9f60000 - 0x00007ff8f9f6d000 	C:\Program Files\Android\Android Studio\jre\jre\bin\management.dll
0x00007ff8fea20000 - 0x00007ff8fea37000 	C:\WINDOWS\SYSTEM32\CRYPTSP.dll
0x00007ff8fe3f0000 - 0x00007ff8fe423000 	C:\WINDOWS\system32\rsaenh.dll
0x00007ff8feb50000 - 0x00007ff8feb75000 	C:\WINDOWS\SYSTEM32\bcrypt.dll
0x00007ff8fef20000 - 0x00007ff8fef48000 	C:\WINDOWS\SYSTEM32\USERENV.dll
0x00007ff8fea40000 - 0x00007ff8fea4b000 	C:\WINDOWS\SYSTEM32\CRYPTBASE.dll
0x00007ff8fe5f0000 - 0x00007ff8fe628000 	C:\WINDOWS\SYSTEM32\IPHLPAPI.DLL
0x00007ff900c00000 - 0x00007ff900c08000 	C:\WINDOWS\System32\NSI.dll
0x00007ff8f7500000 - 0x00007ff8f7516000 	C:\WINDOWS\SYSTEM32\dhcpcsvc6.DLL
0x00007ff8f7d70000 - 0x00007ff8f7d8a000 	C:\WINDOWS\SYSTEM32\dhcpcsvc.DLL

VM Arguments:
jvm_args: -Xmx1536m -Dfile.encoding=x-windows-949 -Duser.country=KR -Duser.language=ko -Duser.variant 
java_command: org.gradle.launcher.daemon.bootstrap.GradleDaemon 5.1.1
java_class_path (initial): C:\Users\±è°ÇÇü\.gradle\wrapper\dists\gradle-5.1.1-all\97z1ksx6lirer3kbvdnh7jtjg\gradle-5.1.1\lib\gradle-launcher-5.1.1.jar
Launcher Type: SUN_STANDARD

Environment Variables:
JAVA_HOME=C:\Program Files\Java\jdk1.8.0_211
CLASSPATH=.;
PATH=C:\Python27\;C:\Python27\Scripts;C:\Program Files\Java\jdk1.8.0_181\bin;C:\Program Files (x86)\Common Files\Oracle\Java\javapath;C:\ProgramData\Oracle\Java\javapath;C:\Users\±è°ÇÇü\AppData\Local\Programs\Python\Python37-32;C:;Program Files (x86)\Intel\iCLS Client\;C:\Program Files\Intel\iCLS Client\;C:\WINDOWS\system32;C:\WINDOWS;C:\WINDOWS\System32\Wbem;C:\WINDOWS\System32\WindowsPowerShell\v1.0\;C:\Program Files\Samsung\SamsungLink\AllShare Framework DMS\bin\;C:\Program Files (x86)\Skype\Phone\;C:\Program Files (x86)\Intel\Intel(R) Management Engine Components\DAL;C:\Program Files\Intel\Intel(R) Management Engine Components\DAL;C:\Program Files (x86)\Intel\Intel(R) Management Engine Components\IPT;C:\Program Files\Intel\Intel(R) Management Engine Components\IPT;C:\Program Files\dotnet\;C:\Program Files\Microsoft SQL Server\130\Tools\Binn\;C:\WINDOWS\System32\OpenSSH\;";C:\Program Files\Android\Android Studio\jre\bin";C:\Program Files\Git\cmd;C:\Program Files\PuTTY\;C:\wamp64\bin\php\php5.6.40;C:\ProgramData\ComposerSetup\bin;C:\ProgramData\chocolatey\bin;C:\Program Files\nodejs\;C:\Program Files\Java\jdk1.8.0_211\bin;C:\Program Files\nodejs;C:\Users\±è°ÇÇü\AppData\Local\Android\sdk;C:\sqlite;C:\Users\±è°ÇÇü\AppData\Local\Microsoft\WindowsApps;C:\Program Files\Bandizip\;C:\Users\±è°ÇÇü\AppData\Local\atom\bin;C:\Users\±è°ÇÇü\AppData\Local\GitHubDesktop\bin;C:\Users\±è°ÇÇü\AppData\Roaming\Composer\vendor\bin;C:\Users\±è°ÇÇü\AppData\Roaming\npm;C:\Users\±è°ÇÇü\AppData\Local\Programs\Microsoft VS Code\bin
USERNAME=±è°ÇÇü
OS=Windows_NT
PROCESSOR_IDENTIFIER=Intel64 Family 6 Model 61 Stepping 4, GenuineIntel



---------------  S Y S T E M  ---------------

OS: Windows 10.0 , 64 bit Build 17134 (10.0.17134.753)

CPU:total 4 (initial active 4) (2 cores per cpu, 2 threads per core) family 6 model 61 stepping 4, cmov, cx8, fxsr, mmx, sse, sse2, sse3, ssse3, sse4.1, sse4.2, popcnt, avx, avx2, aes, clmul, erms, 3dnowpref, lzcnt, ht, tsc, tscinvbit, bmi1, bmi2, adx

Memory: 4k page, physical 8285204k(966368k free), swap 10230804k(0k free)

vm_info: OpenJDK 64-Bit Server VM (25.152-b01) for windows-amd64 JRE (1.8.0_152-release-1343-b01), built by "builder" with MS VC++ 10.0 (VS2010)

time: Sat Jun 01 15:31:52 2019
elapsed time: 13 seconds (0d 0h 0m 13s)

