#
# There is insufficient memory for the Java Runtime Environment to continue.
# Native memory allocation (malloc) failed to allocate 524304 bytes for Chunk::new
# Possible reasons:
#   The system is out of physical RAM or swap space
#   In 32 bit mode, the process size limit was hit
# Possible solutions:
#   Reduce memory load on the system
#   Increase physical memory or swap space
#   Check if swap backing store is full
#   Use 64 bit Java on a 64 bit OS
#   Decrease Java heap size (-Xmx/-Xms)
#   Decrease number of Java threads
#   Decrease Java thread stack sizes (-Xss)
#   Set larger code cache with -XX:ReservedCodeCacheSize=
# This output file may be truncated or incomplete.
#
#  Out of Memory Error (allocation.cpp:390), pid=25428, tid=0x0000000000000c20
#
# JRE version: OpenJDK Runtime Environment (8.0_152-b01) (build 1.8.0_152-release-1343-b01)
# Java VM: OpenJDK 64-Bit Server VM (25.152-b01 mixed mode windows-amd64 compressed oops)
# Failed to write core dump. Minidumps are not enabled by default on client versions of Windows
#

---------------  T H R E A D  ---------------

Current thread (0x0000000016d3b800):  JavaThread "C2 CompilerThread0" daemon [_thread_in_native, id=3104, stack(0x0000000018640000,0x0000000018740000)]

Stack: [0x0000000018640000,0x0000000018740000]
[error occurred during error reporting (printing stack bounds), id 0xc0000005]

Native frames: (J=compiled Java code, j=interpreted, Vv=VM code, C=native code)


Current CompileTask:
C2:  18619 1425   !   4       java.net.URLClassLoader$1::run (63 bytes)


---------------  P R O C E S S  ---------------

Java Threads: ( => current thread )
  0x0000000019ca8000 JavaThread "Cache worker for journal cache (C:\Users\ê¹€ê±´í˜•\.gradle\caches\journal-1)" [_thread_blocked, id=6188, stack(0x000000001b2f0000,0x000000001b3f0000)]
  0x0000000019bec000 JavaThread "File lock request listener" [_thread_in_native, id=6636, stack(0x000000001b1f0000,0x000000001b2f0000)]
  0x0000000019236000 JavaThread "Cache worker for file hash cache (C:\Users\ê¹€ê±´í˜•\.gradle\caches\5.1.1\fileHashes)" [_thread_blocked, id=24180, stack(0x000000001b0f0000,0x000000001b1f0000)]
  0x00000000199c6800 JavaThread "Thread-8" [_thread_blocked, id=15584, stack(0x000000001aff0000,0x000000001b0f0000)]
  0x0000000019009800 JavaThread "Stdin handler" [_thread_blocked, id=6760, stack(0x000000001aef0000,0x000000001aff0000)]
  0x0000000019009000 JavaThread "Asynchronous log dispatcher for DefaultDaemonConnection: socket connection from /127.0.0.1:58401 to /127.0.0.1:58402" [_thread_blocked, id=21292, stack(0x000000001adf0000,0x000000001aef0000)]
  0x0000000019939800 JavaThread "Daemon worker" [_thread_in_vm, id=24236, stack(0x000000001acf0000,0x000000001adf0000)]
  0x0000000019246000 JavaThread "Cancel handler" [_thread_blocked, id=18240, stack(0x000000001abf0000,0x000000001acf0000)]
  0x00000000182f0000 JavaThread "Handler for socket connection from /127.0.0.1:58401 to /127.0.0.1:58402" [_thread_in_native, id=20780, stack(0x000000001a8f0000,0x000000001a9f0000)]
  0x00000000181c3000 JavaThread "Daemon" [_thread_blocked, id=15540, stack(0x000000001a7f0000,0x000000001a8f0000)]
  0x00000000181af800 JavaThread "Daemon periodic checks" [_thread_blocked, id=24636, stack(0x000000001a6f0000,0x000000001a7f0000)]
  0x00000000181aa000 JavaThread "Incoming local TCP Connector on port 58401" [_thread_in_native, id=11664, stack(0x000000001a510000,0x000000001a610000)]
  0x00000000180c7800 JavaThread "Service Thread" daemon [_thread_blocked, id=13104, stack(0x0000000018940000,0x0000000018a40000)]
  0x000000001804d000 JavaThread "C1 CompilerThread2" daemon [_thread_blocked, id=10612, stack(0x0000000018840000,0x0000000018940000)]
  0x0000000016d3e800 JavaThread "C2 CompilerThread1" daemon [_thread_in_native, id=23844, stack(0x0000000018740000,0x0000000018840000)]
=>0x0000000016d3b800 JavaThread "C2 CompilerThread0" daemon [_thread_in_native, id=3104, stack(0x0000000018640000,0x0000000018740000)]
  0x0000000016cee800 JavaThread "Attach Listener" daemon [_thread_blocked, id=19644, stack(0x0000000018540000,0x0000000018640000)]
  0x0000000018048800 JavaThread "Signal Dispatcher" daemon [_thread_blocked, id=21912, stack(0x0000000018440000,0x0000000018540000)]
  0x000000000336c000 JavaThread "Finalizer" daemon [_thread_blocked, id=11864, stack(0x0000000017f40000,0x0000000018040000)]
  0x0000000003361000 JavaThread "Reference Handler" daemon [_thread_blocked, id=19392, stack(0x0000000017e40000,0x0000000017f40000)]
  0x0000000003272800 JavaThread "main" [_thread_blocked, id=19068, stack(0x0000000003170000,0x0000000003270000)]

Other Threads:
  0x0000000016ca7800 VMThread [stack: 0x0000000017d40000,0x0000000017e40000] [id=16504]
  0x00000000180ca000 WatcherThread [stack: 0x0000000018a40000,0x0000000018b40000] [id=876]

VM state:not at safepoint (normal execution)

VM Mutex/Monitor currently owned by a thread: None

Heap:
 PSYoungGen      total 38400K, used 25628K [0x00000000e0000000, 0x00000000e2a80000, 0x0000000100000000)
  eden space 33280K, 61% used [0x00000000e0000000,0x00000000e1408a90,0x00000000e2080000)
  from space 5120K, 99% used [0x00000000e2080000,0x00000000e257e8d8,0x00000000e2580000)
  to   space 5120K, 0% used [0x00000000e2580000,0x00000000e2580000,0x00000000e2a80000)
 ParOldGen       total 87552K, used 2200K [0x00000000a0000000, 0x00000000a5580000, 0x00000000e0000000)
  object space 87552K, 2% used [0x00000000a0000000,0x00000000a0226030,0x00000000a5580000)
 Metaspace       used 14760K, capacity 15136K, committed 15360K, reserved 1062912K
  class space    used 2082K, capacity 2196K, committed 2304K, reserved 1048576K

Card table byte_map: [0x0000000012730000,0x0000000012a40000] byte_map_base: 0x0000000012230000

Marking Bits: (ParMarkBitMap*) 0x0000000074af5aa0
 Begin Bits: [0x0000000013040000, 0x0000000014840000)
 End Bits:   [0x0000000014840000, 0x0000000016040000)

Polling page: 0x0000000000be0000

CodeCache: size=245760Kb used=4637Kb max_used=4849Kb free=241122Kb
 bounds [0x0000000003370000, 0x0000000003850000, 0x0000000012370000]
 total_blobs=1709 nmethods=1329 adapters=294
 compilation: enabled

Compilation events (10 events):
Event: 18.541 Thread 0x000000001804d000 1452       3       org.gradle.internal.service.DefaultServiceRegistry::assertValidServiceType (51 bytes)
Event: 18.542 Thread 0x000000001804d000 nmethod 1452 0x00000000034a09d0 code [0x00000000034a0ba0, 0x00000000034a12a8]
Event: 18.542 Thread 0x000000001804d000 1453       3       java.lang.Class::isAnnotation (17 bytes)
Event: 18.542 Thread 0x000000001804d000 nmethod 1453 0x00000000034d3310 code [0x00000000034d3480, 0x00000000034d36e8]
Event: 18.542 Thread 0x000000001804d000 1454       3       org.gradle.internal.service.DefaultServiceRegistry$OwnServices::getProviders (26 bytes)
Event: 18.543 Thread 0x000000001804d000 nmethod 1454 0x000000000350e0d0 code [0x000000000350e260, 0x000000000350e628]
Event: 18.543 Thread 0x000000001804d000 1455       1       org.gradle.internal.service.DefaultServiceRegistry::access$1600 (5 bytes)
Event: 18.543 Thread 0x000000001804d000 nmethod 1455 0x00000000034e8810 code [0x00000000034e8960, 0x00000000034e8a50]
Event: 18.543 Thread 0x000000001804d000 1456       3       sun.reflect.ReflectionFactory::inflationThreshold (4 bytes)
Event: 18.543 Thread 0x000000001804d000 nmethod 1456 0x0000000003646190 code [0x00000000036462e0, 0x0000000003646410]

GC Heap History (6 events):
Event: 5.040 GC heap before
{Heap before GC invocations=1 (full 0):
 PSYoungGen      total 38400K, used 33280K [0x00000000e0000000, 0x00000000e2a80000, 0x0000000100000000)
  eden space 33280K, 100% used [0x00000000e0000000,0x00000000e2080000,0x00000000e2080000)
  from space 5120K, 0% used [0x00000000e2580000,0x00000000e2580000,0x00000000e2a80000)
  to   space 5120K, 0% used [0x00000000e2080000,0x00000000e2080000,0x00000000e2580000)
 ParOldGen       total 87552K, used 0K [0x00000000a0000000, 0x00000000a5580000, 0x00000000e0000000)
  object space 87552K, 0% used [0x00000000a0000000,0x00000000a0000000,0x00000000a5580000)
 Metaspace       used 7026K, capacity 7242K, committed 7424K, reserved 1056768K
  class space    used 849K, capacity 911K, committed 1024K, reserved 1048576K
Event: 5.054 GC heap after
Heap after GC invocations=1 (full 0):
 PSYoungGen      total 38400K, used 4625K [0x00000000e0000000, 0x00000000e2a80000, 0x0000000100000000)
  eden space 33280K, 0% used [0x00000000e0000000,0x00000000e0000000,0x00000000e2080000)
  from space 5120K, 90% used [0x00000000e2080000,0x00000000e2504410,0x00000000e2580000)
  to   space 5120K, 0% used [0x00000000e2580000,0x00000000e2580000,0x00000000e2a80000)
 ParOldGen       total 87552K, used 35K [0x00000000a0000000, 0x00000000a5580000, 0x00000000e0000000)
  object space 87552K, 0% used [0x00000000a0000000,0x00000000a0008c50,0x00000000a5580000)
 Metaspace       used 7026K, capacity 7242K, committed 7424K, reserved 1056768K
  class space    used 849K, capacity 911K, committed 1024K, reserved 1048576K
}
Event: 8.368 GC heap before
{Heap before GC invocations=2 (full 0):
 PSYoungGen      total 38400K, used 37905K [0x00000000e0000000, 0x00000000e2a80000, 0x0000000100000000)
  eden space 33280K, 100% used [0x00000000e0000000,0x00000000e2080000,0x00000000e2080000)
  from space 5120K, 90% used [0x00000000e2080000,0x00000000e2504410,0x00000000e2580000)
  to   space 5120K, 0% used [0x00000000e2580000,0x00000000e2580000,0x00000000e2a80000)
 ParOldGen       total 87552K, used 35K [0x00000000a0000000, 0x00000000a5580000, 0x00000000e0000000)
  object space 87552K, 0% used [0x00000000a0000000,0x00000000a0008c50,0x00000000a5580000)
 Metaspace       used 8957K, capacity 9228K, committed 9472K, reserved 1056768K
  class space    used 1156K, capacity 1228K, committed 1280K, reserved 1048576K
Event: 8.378 GC heap after
Heap after GC invocations=2 (full 0):
 PSYoungGen      total 38400K, used 4762K [0x00000000e0000000, 0x00000000e2a80000, 0x0000000100000000)
  eden space 33280K, 0% used [0x00000000e0000000,0x00000000e0000000,0x00000000e2080000)
  from space 5120K, 93% used [0x00000000e2580000,0x00000000e2a268a8,0x00000000e2a80000)
  to   space 5120K, 0% used [0x00000000e2080000,0x00000000e2080000,0x00000000e2580000)
 ParOldGen       total 87552K, used 43K [0x00000000a0000000, 0x00000000a5580000, 0x00000000e0000000)
  object space 87552K, 0% used [0x00000000a0000000,0x00000000a000ac50,0x00000000a5580000)
 Metaspace       used 8957K, capacity 9228K, committed 9472K, reserved 1056768K
  class space    used 1156K, capacity 1228K, committed 1280K, reserved 1048576K
}
Event: 17.790 GC heap before
{Heap before GC invocations=3 (full 0):
 PSYoungGen      total 38400K, used 38042K [0x00000000e0000000, 0x00000000e2a80000, 0x0000000100000000)
  eden space 33280K, 100% used [0x00000000e0000000,0x00000000e2080000,0x00000000e2080000)
  from space 5120K, 93% used [0x00000000e2580000,0x00000000e2a268a8,0x00000000e2a80000)
  to   space 5120K, 0% used [0x00000000e2080000,0x00000000e2080000,0x00000000e2580000)
 ParOldGen       total 87552K, used 43K [0x00000000a0000000, 0x00000000a5580000, 0x00000000e0000000)
  object space 87552K, 0% used [0x00000000a0000000,0x00000000a000ac50,0x00000000a5580000)
 Metaspace       used 13442K, capacity 13820K, committed 14080K, reserved 1060864K
  class space    used 1837K, capacity 1970K, committed 2048K, reserved 1048576K
Event: 17.805 GC heap after
Heap after GC invocations=3 (full 0):
 PSYoungGen      total 38400K, used 5114K [0x00000000e0000000, 0x00000000e2a80000, 0x0000000100000000)
  eden space 33280K, 0% used [0x00000000e0000000,0x00000000e0000000,0x00000000e2080000)
  from space 5120K, 99% used [0x00000000e2080000,0x00000000e257e8d8,0x00000000e2580000)
  to   space 5120K, 0% used [0x00000000e2580000,0x00000000e2580000,0x00000000e2a80000)
 ParOldGen       total 87552K, used 2200K [0x00000000a0000000, 0x00000000a5580000, 0x00000000e0000000)
  object space 87552K, 2% used [0x00000000a0000000,0x00000000a0226030,0x00000000a5580000)
 Metaspace       used 13442K, capacity 13820K, committed 14080K, reserved 1060864K
  class space    used 1837K, capacity 1970K, committed 2048K, reserved 1048576K
}

Deoptimization events (10 events):
Event: 16.597 Thread 0x00000000182f0000 Uncommon trap: reason=unstable_if action=reinterpret pc=0x00000000037462f0 method=java.util.concurrent.ConcurrentHashMap.putVal(Ljava/lang/Object;Ljava/lang/Object;Z)Ljava/lang/Object; @ 206
Event: 16.982 Thread 0x0000000019939800 Uncommon trap: reason=bimorphic action=maybe_recompile pc=0x000000000360ec58 method=java.util.HashMap.putVal(ILjava/lang/Object;Ljava/lang/Object;ZZ)Ljava/lang/Object; @ 253
Event: 16.982 Thread 0x0000000019939800 Uncommon trap: reason=bimorphic action=maybe_recompile pc=0x000000000360ec58 method=java.util.HashMap.putVal(ILjava/lang/Object;Ljava/lang/Object;ZZ)Ljava/lang/Object; @ 253
Event: 16.982 Thread 0x0000000019939800 Uncommon trap: reason=bimorphic action=maybe_recompile pc=0x000000000360ec58 method=java.util.HashMap.putVal(ILjava/lang/Object;Ljava/lang/Object;ZZ)Ljava/lang/Object; @ 253
Event: 16.982 Thread 0x0000000019939800 Uncommon trap: reason=bimorphic action=maybe_recompile pc=0x000000000360ec58 method=java.util.HashMap.putVal(ILjava/lang/Object;Ljava/lang/Object;ZZ)Ljava/lang/Object; @ 253
Event: 16.983 Thread 0x0000000019939800 Uncommon trap: reason=bimorphic action=maybe_recompile pc=0x0000000003606a44 method=java.util.HashMap.putVal(ILjava/lang/Object;Ljava/lang/Object;ZZ)Ljava/lang/Object; @ 253
Event: 17.698 Thread 0x0000000019939800 Uncommon trap: reason=class_check action=maybe_recompile pc=0x0000000003655098 method=java.util.regex.Matcher.match(II)Z @ 86
Event: 17.762 Thread 0x0000000019939800 Uncommon trap: reason=class_check action=maybe_recompile pc=0x0000000003655098 method=java.util.regex.Matcher.match(II)Z @ 86
Event: 17.763 Thread 0x0000000019939800 Uncommon trap: reason=class_check action=maybe_recompile pc=0x0000000003655098 method=java.util.regex.Matcher.match(II)Z @ 86
Event: 17.764 Thread 0x0000000019939800 Uncommon trap: reason=class_check action=maybe_recompile pc=0x0000000003615a1c method=java.util.regex.Matcher.match(II)Z @ 86

Classes redefined (0 events):
No events

Internal exceptions (10 events):
Event: 16.607 Thread 0x00000000182f0000 Exception <a 'java/lang/NoSuchMethodError': <clinit>> (0x00000000e09cd378) thrown at [D:\src\AOSP-openjdk-cygwin\jdk8u\hotspot\src\share\vm\prims\jni.cpp, line 1613]
Event: 16.617 Thread 0x00000000182f0000 Exception <a 'java/lang/NoSuchMethodError': <clinit>> (0x00000000e09e04c0) thrown at [D:\src\AOSP-openjdk-cygwin\jdk8u\hotspot\src\share\vm\prims\jni.cpp, line 1613]
Event: 16.634 Thread 0x00000000182f0000 Exception <a 'java/lang/NoSuchMethodError': <clinit>> (0x00000000e0a07270) thrown at [D:\src\AOSP-openjdk-cygwin\jdk8u\hotspot\src\share\vm\prims\jni.cpp, line 1613]
Event: 16.646 Thread 0x00000000182f0000 Exception <a 'java/lang/NoSuchMethodError': <clinit>> (0x00000000e0a1ee18) thrown at [D:\src\AOSP-openjdk-cygwin\jdk8u\hotspot\src\share\vm\prims\jni.cpp, line 1613]
Event: 16.649 Thread 0x00000000182f0000 Exception <a 'java/lang/NoSuchMethodError': <clinit>> (0x00000000e0a278e0) thrown at [D:\src\AOSP-openjdk-cygwin\jdk8u\hotspot\src\share\vm\prims\jni.cpp, line 1613]
Event: 16.658 Thread 0x00000000182f0000 Exception <a 'java/lang/NoSuchMethodError': <clinit>> (0x00000000e0a3da10) thrown at [D:\src\AOSP-openjdk-cygwin\jdk8u\hotspot\src\share\vm\prims\jni.cpp, line 1613]
Event: 16.722 Thread 0x00000000182f0000 Exception <a 'java/lang/NoSuchMethodError': <clinit>> (0x00000000e0a9b010) thrown at [D:\src\AOSP-openjdk-cygwin\jdk8u\hotspot\src\share\vm\prims\jni.cpp, line 1613]
Event: 16.736 Thread 0x00000000182f0000 Exception <a 'java/lang/NoSuchMethodError': <clinit>> (0x00000000e0ac73c8) thrown at [D:\src\AOSP-openjdk-cygwin\jdk8u\hotspot\src\share\vm\prims\jni.cpp, line 1613]
Event: 16.749 Thread 0x00000000182f0000 Exception <a 'java/lang/NoSuchMethodError': <clinit>> (0x00000000e0af5328) thrown at [D:\src\AOSP-openjdk-cygwin\jdk8u\hotspot\src\share\vm\prims\jni.cpp, line 1613]
Event: 16.763 Thread 0x00000000182f0000 Exception <a 'java/lang/NoSuchMethodError': <clinit>> (0x00000000e0b006c8) thrown at [D:\src\AOSP-openjdk-cygwin\jdk8u\hotspot\src\share\vm\prims\jni.cpp, line 1613]

Events (10 events):
Event: 18.543 Thread 0x000000001804d000 flushing nmethod 0x00000000035bbf10
Event: 18.543 Thread 0x000000001804d000 flushing nmethod 0x00000000035bf3d0
Event: 18.543 Thread 0x000000001804d000 flushing nmethod 0x00000000035cae90
Event: 18.543 Thread 0x000000001804d000 flushing nmethod 0x00000000035e6750
Event: 18.543 Thread 0x000000001804d000 flushing nmethod 0x000000000360af10
Event: 18.543 Thread 0x000000001804d000 flushing nmethod 0x0000000003633250
Event: 18.543 Thread 0x000000001804d000 flushing nmethod 0x0000000003639490
Event: 18.543 loading class org/gradle/configuration/ScriptPlugin
Event: 18.543 Thread 0x000000001804d000 flushing nmethod 0x0000000003646190
Event: 18.543 Thread 0x000000001804d000 flushing nmethod 0x0000000003663950


Dynamic libraries:
0x00007ff786eb0000 - 0x00007ff786ee1000 	C:\Program Files\Android\Android Studio\jre\bin\java.exe
0x00007ffd256b0000 - 0x00007ffd25891000 	C:\WINDOWS\SYSTEM32\ntdll.dll
0x00007ffd255c0000 - 0x00007ffd25671000 	C:\WINDOWS\System32\KERNEL32.DLL
0x00007ffd21a80000 - 0x00007ffd21cf3000 	C:\WINDOWS\System32\KERNELBASE.dll
0x00007ffd23070000 - 0x00007ffd23111000 	C:\WINDOWS\System32\ADVAPI32.dll
0x00007ffd253e0000 - 0x00007ffd2547e000 	C:\WINDOWS\System32\msvcrt.dll
0x00007ffd23a30000 - 0x00007ffd23a8b000 	C:\WINDOWS\System32\sechost.dll
0x00007ffd238a0000 - 0x00007ffd239c4000 	C:\WINDOWS\System32\RPCRT4.dll
0x00007ffd23e00000 - 0x00007ffd23f90000 	C:\WINDOWS\System32\USER32.dll
0x00007ffd22930000 - 0x00007ffd22950000 	C:\WINDOWS\System32\win32u.dll
0x00007ffd23a00000 - 0x00007ffd23a28000 	C:\WINDOWS\System32\GDI32.dll
0x00007ffd21d00000 - 0x00007ffd21e92000 	C:\WINDOWS\System32\gdi32full.dll
0x00007ffd220d0000 - 0x00007ffd2216f000 	C:\WINDOWS\System32\msvcp_win.dll
0x00007ffd21f20000 - 0x00007ffd22018000 	C:\WINDOWS\System32\ucrtbase.dll
0x00007ffd10470000 - 0x00007ffd106d9000 	C:\WINDOWS\WinSxS\amd64_microsoft.windows.common-controls_6595b64144ccf1df_6.0.17134.765_none_fb42a1a930655896\COMCTL32.dll
0x00007ffd22ca0000 - 0x00007ffd22fc2000 	C:\WINDOWS\System32\combase.dll
0x00007ffd21ea0000 - 0x00007ffd21f1a000 	C:\WINDOWS\System32\bcryptPrimitives.dll
0x00007ffd239d0000 - 0x00007ffd239fd000 	C:\WINDOWS\System32\IMM32.DLL
0x0000000074ea0000 - 0x0000000074f72000 	C:\Program Files\Android\Android Studio\jre\jre\bin\msvcr100.dll
0x0000000074330000 - 0x0000000074b71000 	C:\Program Files\Android\Android Studio\jre\jre\bin\server\jvm.dll
0x00007ffd253d0000 - 0x00007ffd253d8000 	C:\WINDOWS\System32\PSAPI.DLL
0x00007ffd12d90000 - 0x00007ffd12d9a000 	C:\WINDOWS\SYSTEM32\VERSION.dll
0x00007ffd1f700000 - 0x00007ffd1f723000 	C:\WINDOWS\SYSTEM32\WINMM.dll
0x00007ffd1a280000 - 0x00007ffd1a289000 	C:\WINDOWS\SYSTEM32\WSOCK32.dll
0x00007ffd1f6d0000 - 0x00007ffd1f6fa000 	C:\WINDOWS\SYSTEM32\WINMMBASE.dll
0x00007ffd22170000 - 0x00007ffd221b9000 	C:\WINDOWS\System32\cfgmgr32.dll
0x00007ffd25550000 - 0x00007ffd255bc000 	C:\WINDOWS\System32\ws2_32.DLL
0x00007ffd1a200000 - 0x00007ffd1a20f000 	C:\Program Files\Android\Android Studio\jre\jre\bin\verify.dll
0x00007ffd08950000 - 0x00007ffd08979000 	C:\Program Files\Android\Android Studio\jre\jre\bin\java.dll
0x00007ffd12230000 - 0x00007ffd12246000 	C:\Program Files\Android\Android Studio\jre\jre\bin\zip.dll
0x00007ffd23f90000 - 0x00007ffd253d0000 	C:\WINDOWS\System32\SHELL32.dll
0x00007ffd23d50000 - 0x00007ffd23df9000 	C:\WINDOWS\System32\shcore.dll
0x00007ffd22220000 - 0x00007ffd2292d000 	C:\WINDOWS\System32\windows.storage.dll
0x00007ffd23160000 - 0x00007ffd231b1000 	C:\WINDOWS\System32\shlwapi.dll
0x00007ffd21a10000 - 0x00007ffd21a21000 	C:\WINDOWS\System32\kernel.appcore.dll
0x00007ffd21a30000 - 0x00007ffd21a4f000 	C:\WINDOWS\System32\profapi.dll
0x00007ffd219c0000 - 0x00007ffd21a0c000 	C:\WINDOWS\System32\powrprof.dll
0x00007ffd21a50000 - 0x00007ffd21a5a000 	C:\WINDOWS\System32\FLTLIB.DLL
0x00007ffd0d7d0000 - 0x00007ffd0d7ea000 	C:\Program Files\Android\Android Studio\jre\jre\bin\net.dll
0x00007ffd211e0000 - 0x00007ffd21246000 	C:\WINDOWS\system32\mswsock.dll
0x00007ffd087f0000 - 0x00007ffd08801000 	C:\Program Files\Android\Android Studio\jre\jre\bin\nio.dll
0x00007ffd0d890000 - 0x00007ffd0d8ae000 	C:\Users\±è°ÇÇü\.gradle\native\25\windows-amd64\native-platform.dll
0x00007ffd19d80000 - 0x00007ffd19d8d000 	C:\Program Files\Android\Android Studio\jre\jre\bin\management.dll
0x00007ffd21390000 - 0x00007ffd213a7000 	C:\WINDOWS\SYSTEM32\CRYPTSP.dll
0x00007ffd20dc0000 - 0x00007ffd20df3000 	C:\WINDOWS\system32\rsaenh.dll
0x00007ffd21510000 - 0x00007ffd21535000 	C:\WINDOWS\SYSTEM32\bcrypt.dll
0x00007ffd218f0000 - 0x00007ffd21918000 	C:\WINDOWS\SYSTEM32\USERENV.dll
0x00007ffd217c0000 - 0x00007ffd217cb000 	C:\WINDOWS\SYSTEM32\CRYPTBASE.dll
0x00007ffd20f60000 - 0x00007ffd20f98000 	C:\WINDOWS\SYSTEM32\IPHLPAPI.DLL
0x00007ffd23120000 - 0x00007ffd23128000 	C:\WINDOWS\System32\NSI.dll
0x00007ffd176e0000 - 0x00007ffd176f6000 	C:\WINDOWS\SYSTEM32\dhcpcsvc6.DLL
0x00007ffd17d00000 - 0x00007ffd17d1a000 	C:\WINDOWS\SYSTEM32\dhcpcsvc.DLL

VM Arguments:
jvm_args: -Xmx1536m -Dfile.encoding=x-windows-949 -Duser.country=KR -Duser.language=ko -Duser.variant 
java_command: org.gradle.launcher.daemon.bootstrap.GradleDaemon 5.1.1
java_class_path (initial): C:\Users\±è°ÇÇü\.gradle\wrapper\dists\gradle-5.1.1-all\97z1ksx6lirer3kbvdnh7jtjg\gradle-5.1.1\lib\gradle-launcher-5.1.1.jar
Launcher Type: SUN_STANDARD

Environment Variables:
JAVA_HOME=C:\Program Files\Java\jdk1.8.0_211
CLASSPATH=.;
PATH=C:\Python27\;C:\Python27\Scripts;C:\Program Files\Java\jdk1.8.0_181\bin;C:\Program Files (x86)\Common Files\Oracle\Java\javapath;C:\ProgramData\Oracle\Java\javapath;C:\Users\±è°ÇÇü\AppData\Local\Programs\Python\Python37-32;C:;Program Files (x86)\Intel\iCLS Client\;C:\Program Files\Intel\iCLS Client\;C:\WINDOWS\system32;C:\WINDOWS;C:\WINDOWS\System32\Wbem;C:\WINDOWS\System32\WindowsPowerShell\v1.0\;C:\Program Files\Samsung\SamsungLink\AllShare Framework DMS\bin\;C:\Program Files (x86)\Skype\Phone\;C:\Program Files (x86)\Intel\Intel(R) Management Engine Components\DAL;C:\Program Files\Intel\Intel(R) Management Engine Components\DAL;C:\Program Files (x86)\Intel\Intel(R) Management Engine Components\IPT;C:\Program Files\Intel\Intel(R) Management Engine Components\IPT;C:\Program Files\dotnet\;C:\Program Files\Microsoft SQL Server\130\Tools\Binn\;C:\WINDOWS\System32\OpenSSH\;";C:\Program Files\Android\Android Studio\jre\bin";C:\Program Files\Git\cmd;C:\Program Files\PuTTY\;C:\wamp64\bin\php\php5.6.40;C:\ProgramData\ComposerSetup\bin;C:\ProgramData\chocolatey\bin;C:\Program Files\nodejs\;C:\Program Files\Java\jdk1.8.0_211\bin;C:\Program Files\nodejs;C:\Users\±è°ÇÇü\AppData\Local\Android\sdk;C:\sqlite;C:\Users\±è°ÇÇü\AppData\Local\Microsoft\WindowsApps;C:\Program Files\Bandizip\;C:\Users\±è°ÇÇü\AppData\Local\atom\bin;C:\Users\±è°ÇÇü\AppData\Local\GitHubDesktop\bin;C:\Users\±è°ÇÇü\AppData\Roaming\Composer\vendor\bin;C:\Users\±è°ÇÇü\AppData\Roaming\npm;C:\Users\±è°ÇÇü\AppData\Local\Programs\Microsoft VS Code\bin
USERNAME=±è°ÇÇü
OS=Windows_NT
PROCESSOR_IDENTIFIER=Intel64 Family 6 Model 61 Stepping 4, GenuineIntel



---------------  S Y S T E M  ---------------

OS: Windows 10.0 , 64 bit Build 17134 (10.0.17134.753)

CPU:total 4 (initial active 4) (2 cores per cpu, 2 threads per core) family 6 model 61 stepping 4, cmov, cx8, fxsr, mmx, sse, sse2, sse3, ssse3, sse4.1, sse4.2, popcnt, avx, avx2, aes, clmul, erms, 3dnowpref, lzcnt, ht, tsc, tscinvbit, bmi1, bmi2, adx

Memory: 4k page, physical 8285204k(387168k free), swap 10230804k(2588k free)

vm_info: OpenJDK 64-Bit Server VM (25.152-b01) for windows-amd64 JRE (1.8.0_152-release-1343-b01), built by "builder" with MS VC++ 10.0 (VS2010)

time: Fri May 31 02:13:52 2019
elapsed time: 18 seconds (0d 0h 0m 18s)

