#
# There is insufficient memory for the Java Runtime Environment to continue.
# Native memory allocation (malloc) failed to allocate 1124496 bytes for Chunk::new
# Possible reasons:
#   The system is out of physical RAM or swap space
#   In 32 bit mode, the process size limit was hit
# Possible solutions:
#   Reduce memory load on the system
#   Increase physical memory or swap space
#   Check if swap backing store is full
#   Use 64 bit Java on a 64 bit OS
#   Decrease Java heap size (-Xmx/-Xms)
#   Decrease number of Java threads
#   Decrease Java thread stack sizes (-Xss)
#   Set larger code cache with -XX:ReservedCodeCacheSize=
# This output file may be truncated or incomplete.
#
#  Out of Memory Error (allocation.cpp:390), pid=18716, tid=0x00000000000020f8
#
# JRE version: OpenJDK Runtime Environment (8.0_152-b01) (build 1.8.0_152-release-1343-b01)
# Java VM: OpenJDK 64-Bit Server VM (25.152-b01 mixed mode windows-amd64 compressed oops)
# Failed to write core dump. Minidumps are not enabled by default on client versions of Windows
#

---------------  T H R E A D  ---------------

Current thread (0x000000001656a800):  JavaThread "C2 CompilerThread0" daemon [_thread_in_native, id=8440, stack(0x0000000017f10000,0x0000000018010000)]

Stack: [0x0000000017f10000,0x0000000018010000]
[error occurred during error reporting (printing stack bounds), id 0xc0000005]

Native frames: (J=compiled Java code, j=interpreted, Vv=VM code, C=native code)


Current CompileTask:
C2:  43980 5019       4       java.net.URLClassLoader$1::run (5 bytes)


---------------  P R O C E S S  ---------------

Java Threads: ( => current thread )
  0x000000001c808000 JavaThread "Cache worker for Build Output Cleanup Cache (C:\Git\Shopping-Cart\.gradle\buildOutputCleanup)" [_thread_blocked, id=23176, stack(0x0000000020f00000,0x0000000021000000)]
  0x000000001c805800 JavaThread "Build operations Thread 4" [_thread_blocked, id=10196, stack(0x0000000020a00000,0x0000000020b00000)]
  0x000000001c806800 JavaThread "Build operations Thread 3" [_thread_blocked, id=24332, stack(0x0000000020900000,0x0000000020a00000)]
  0x000000001c800000 JavaThread "Build operations Thread 2" [_thread_blocked, id=5696, stack(0x0000000020800000,0x0000000020900000)]
  0x000000001c807000 JavaThread "Build operations" [_thread_blocked, id=24076, stack(0x0000000020700000,0x0000000020800000)]
  0x000000001c7ff800 JavaThread "Cache worker for execution history cache (C:\Users\ê¹€ê±´í˜•\.gradle\caches\5.1.1\executionHistory)" [_thread_blocked, id=17340, stack(0x0000000020200000,0x0000000020300000)]
  0x00000000194b8800 JavaThread "Cache worker for cache directory md-rule (C:\Users\ê¹€ê±´í˜•\.gradle\caches\5.1.1\md-rule)" [_thread_blocked, id=10640, stack(0x0000000020100000,0x0000000020200000)]
  0x00000000194ba000 JavaThread "Cache worker for cache directory md-supplier (C:\Users\ê¹€ê±´í˜•\.gradle\caches\5.1.1\md-supplier)" [_thread_blocked, id=19016, stack(0x000000001e380000,0x000000001e480000)]
  0x00000000194b5800 JavaThread "Cache worker for file hash cache (C:\Git\Shopping-Cart\.gradle\5.1.1\fileHashes)" [_thread_blocked, id=8956, stack(0x000000001d1f0000,0x000000001d2f0000)]
  0x00000000194b4800 JavaThread "Cache worker for journal cache (C:\Users\ê¹€ê±´í˜•\.gradle\caches\journal-1)" [_thread_blocked, id=23004, stack(0x000000001abc0000,0x000000001acc0000)]
  0x00000000194b9000 JavaThread "File lock request listener" [_thread_in_native, id=16200, stack(0x000000001aac0000,0x000000001abc0000)]
  0x0000000019461000 JavaThread "Cache worker for file hash cache (C:\Users\ê¹€ê±´í˜•\.gradle\caches\5.1.1\fileHashes)" [_thread_blocked, id=24108, stack(0x000000001a9c0000,0x000000001aac0000)]
  0x00000000190c9800 JavaThread "Thread-8" [_thread_blocked, id=14340, stack(0x000000001a8c0000,0x000000001a9c0000)]
  0x0000000019386000 JavaThread "Stdin handler" [_thread_blocked, id=23684, stack(0x000000001a7c0000,0x000000001a8c0000)]
  0x0000000019381800 JavaThread "Asynchronous log dispatcher for DefaultDaemonConnection: socket connection from /127.0.0.1:58415 to /127.0.0.1:58416" [_thread_blocked, id=24944, stack(0x000000001a6c0000,0x000000001a7c0000)]
  0x00000000190aa800 JavaThread "Daemon worker" [_thread_in_vm, id=23944, stack(0x000000001a5c0000,0x000000001a6c0000)]
  0x0000000018762800 JavaThread "Cancel handler" [_thread_blocked, id=17080, stack(0x000000001a4c0000,0x000000001a5c0000)]
  0x0000000018a17000 JavaThread "Handler for socket connection from /127.0.0.1:58415 to /127.0.0.1:58416" [_thread_in_native, id=8884, stack(0x000000001a1c0000,0x000000001a2c0000)]
  0x000000001881b800 JavaThread "Daemon" [_thread_blocked, id=19992, stack(0x000000001a0c0000,0x000000001a1c0000)]
  0x0000000018817000 JavaThread "Daemon periodic checks" [_thread_blocked, id=20156, stack(0x0000000019fc0000,0x000000001a0c0000)]
  0x000000001879f800 JavaThread "Incoming local TCP Connector on port 58415" [_thread_in_native, id=23644, stack(0x0000000019de0000,0x0000000019ee0000)]
  0x000000001799c800 JavaThread "Service Thread" daemon [_thread_blocked, id=1768, stack(0x0000000018210000,0x0000000018310000)]
  0x000000001793a800 JavaThread "C1 CompilerThread2" daemon [_thread_blocked, id=11500, stack(0x0000000018110000,0x0000000018210000)]
  0x000000001656d800 JavaThread "C2 CompilerThread1" daemon [_thread_in_native, id=14616, stack(0x0000000018010000,0x0000000018110000)]
=>0x000000001656a800 JavaThread "C2 CompilerThread0" daemon [_thread_in_native, id=8440, stack(0x0000000017f10000,0x0000000018010000)]
  0x000000001651e000 JavaThread "Attach Listener" daemon [_thread_blocked, id=18544, stack(0x0000000017e10000,0x0000000017f10000)]
  0x0000000017918800 JavaThread "Signal Dispatcher" daemon [_thread_blocked, id=4948, stack(0x0000000017d10000,0x0000000017e10000)]
  0x0000000002b96000 JavaThread "Finalizer" daemon [_thread_blocked, id=14564, stack(0x0000000017780000,0x0000000017880000)]
  0x0000000002b91000 JavaThread "Reference Handler" daemon [_thread_blocked, id=5976, stack(0x0000000017680000,0x0000000017780000)]
  0x0000000002aa2800 JavaThread "main" [_thread_blocked, id=22616, stack(0x00000000025c0000,0x00000000026c0000)]

Other Threads:
  0x00000000164d7800 VMThread [stack: 0x0000000017580000,0x0000000017680000] [id=13036]
  0x0000000017982000 WatcherThread [stack: 0x0000000018310000,0x0000000018410000] [id=22092]

VM state:not at safepoint (normal execution)

VM Mutex/Monitor currently owned by a thread: None

Heap:
 PSYoungGen      total 112128K, used 85612K [0x00000000e0000000, 0x00000000e7b00000, 0x0000000100000000)
  eden space 101376K, 76% used [0x00000000e0000000,0x00000000e4b8f020,0x00000000e6300000)
  from space 10752K, 76% used [0x00000000e7080000,0x00000000e788c2d0,0x00000000e7b00000)
  to   space 12288K, 0% used [0x00000000e6300000,0x00000000e6300000,0x00000000e6f00000)
 ParOldGen       total 83968K, used 24108K [0x00000000a0000000, 0x00000000a5200000, 0x00000000e0000000)
  object space 83968K, 28% used [0x00000000a0000000,0x00000000a178b1e8,0x00000000a5200000)
 Metaspace       used 56017K, capacity 57358K, committed 57560K, reserved 1099776K
  class space    used 7535K, capacity 7890K, committed 7936K, reserved 1048576K

Card table byte_map: [0x0000000011f60000,0x0000000012270000] byte_map_base: 0x0000000011a60000

Marking Bits: (ParMarkBitMap*) 0x0000000074af5aa0
 Begin Bits: [0x0000000012870000, 0x0000000014070000)
 End Bits:   [0x0000000014070000, 0x0000000015870000)

Polling page: 0x0000000000790000

CodeCache: size=245760Kb used=15674Kb max_used=15674Kb free=230085Kb
 bounds [0x0000000002ba0000, 0x0000000003b00000, 0x0000000011ba0000]
 total_blobs=5466 nmethods=4677 adapters=701
 compilation: enabled

Compilation events (10 events):
Event: 43.793 Thread 0x000000001793a800 5068       3       org.gradle.api.internal.provider.Providers::internal (8 bytes)
Event: 43.793 Thread 0x000000001793a800 nmethod 5068 0x0000000003af78d0 code [0x0000000003af7a40, 0x0000000003af7cd0]
Event: 43.798 Thread 0x000000001793a800 5069       3       sun.invoke.util.VerifyAccess::isMemberAccessible (261 bytes)
Event: 43.800 Thread 0x000000001793a800 nmethod 5069 0x0000000003af7d90 code [0x0000000003af8060, 0x0000000003af9618]
Event: 43.888 Thread 0x000000001793a800 5070       3       com.google.common.base.Joiner::toString (24 bytes)
Event: 43.889 Thread 0x000000001793a800 nmethod 5070 0x0000000003af9e50 code [0x0000000003afa000, 0x0000000003afa5d8]
Event: 43.894 Thread 0x000000001793a800 5071       3       com.google.common.collect.UnmodifiableIterator::<init> (5 bytes)
Event: 43.895 Thread 0x000000001793a800 nmethod 5071 0x0000000003afa750 code [0x0000000003afa8a0, 0x0000000003afaa50]
Event: 43.910 Thread 0x000000001793a800 5072       3       org.gradle.configuration.internal.DefaultUserCodeApplicationContext::current (19 bytes)
Event: 43.910 Thread 0x000000001793a800 nmethod 5072 0x0000000003afab10 code [0x0000000003afaca0, 0x0000000003afb158]

GC Heap History (10 events):
Event: 24.297 GC heap before
{Heap before GC invocations=10 (full 1):
 PSYoungGen      total 66048K, used 62638K [0x00000000e0000000, 0x00000000e4b80000, 0x0000000100000000)
  eden space 56832K, 100% used [0x00000000e0000000,0x00000000e3780000,0x00000000e3780000)
  from space 9216K, 63% used [0x00000000e4280000,0x00000000e482b8d8,0x00000000e4b80000)
  to   space 10240K, 0% used [0x00000000e3780000,0x00000000e3780000,0x00000000e4180000)
 ParOldGen       total 56320K, used 10033K [0x00000000a0000000, 0x00000000a3700000, 0x00000000e0000000)
  object space 56320K, 17% used [0x00000000a0000000,0x00000000a09cc6b8,0x00000000a3700000)
 Metaspace       used 31281K, capacity 31762K, committed 32128K, reserved 1077248K
  class space    used 4301K, capacity 4469K, committed 4480K, reserved 1048576K
Event: 24.320 GC heap after
Heap after GC invocations=10 (full 1):
 PSYoungGen      total 67072K, used 7847K [0x00000000e0000000, 0x00000000e6300000, 0x0000000100000000)
  eden space 56832K, 0% used [0x00000000e0000000,0x00000000e0000000,0x00000000e3780000)
  from space 10240K, 76% used [0x00000000e3780000,0x00000000e3f29e30,0x00000000e4180000)
  to   space 10240K, 0% used [0x00000000e5900000,0x00000000e5900000,0x00000000e6300000)
 ParOldGen       total 56320K, used 10041K [0x00000000a0000000, 0x00000000a3700000, 0x00000000e0000000)
  object space 56320K, 17% used [0x00000000a0000000,0x00000000a09ce6b8,0x00000000a3700000)
 Metaspace       used 31281K, capacity 31762K, committed 32128K, reserved 1077248K
  class space    used 4301K, capacity 4469K, committed 4480K, reserved 1048576K
}
Event: 29.482 GC heap before
{Heap before GC invocations=11 (full 1):
 PSYoungGen      total 67072K, used 63684K [0x00000000e0000000, 0x00000000e6300000, 0x0000000100000000)
  eden space 56832K, 98% used [0x00000000e0000000,0x00000000e3687490,0x00000000e3780000)
  from space 10240K, 76% used [0x00000000e3780000,0x00000000e3f29e30,0x00000000e4180000)
  to   space 10240K, 0% used [0x00000000e5900000,0x00000000e5900000,0x00000000e6300000)
 ParOldGen       total 56320K, used 10041K [0x00000000a0000000, 0x00000000a3700000, 0x00000000e0000000)
  object space 56320K, 17% used [0x00000000a0000000,0x00000000a09ce6b8,0x00000000a3700000)
 Metaspace       used 34676K, capacity 35262K, committed 35416K, reserved 1079296K
  class space    used 4783K, capacity 4976K, committed 4992K, reserved 1048576K
Event: 29.508 GC heap after
Heap after GC invocations=11 (full 1):
 PSYoungGen      total 88064K, used 7596K [0x00000000e0000000, 0x00000000e6180000, 0x0000000100000000)
  eden space 79360K, 0% used [0x00000000e0000000,0x00000000e0000000,0x00000000e4d80000)
  from space 8704K, 87% used [0x00000000e5900000,0x00000000e606b3d8,0x00000000e6180000)
  to   space 10240K, 0% used [0x00000000e4d80000,0x00000000e4d80000,0x00000000e5780000)
 ParOldGen       total 56320K, used 13313K [0x00000000a0000000, 0x00000000a3700000, 0x00000000e0000000)
  object space 56320K, 23% used [0x00000000a0000000,0x00000000a0d006e8,0x00000000a3700000)
 Metaspace       used 34676K, capacity 35262K, committed 35416K, reserved 1079296K
  class space    used 4783K, capacity 4976K, committed 4992K, reserved 1048576K
}
Event: 29.508 GC heap before
{Heap before GC invocations=12 (full 2):
 PSYoungGen      total 88064K, used 7596K [0x00000000e0000000, 0x00000000e6180000, 0x0000000100000000)
  eden space 79360K, 0% used [0x00000000e0000000,0x00000000e0000000,0x00000000e4d80000)
  from space 8704K, 87% used [0x00000000e5900000,0x00000000e606b3d8,0x00000000e6180000)
  to   space 10240K, 0% used [0x00000000e4d80000,0x00000000e4d80000,0x00000000e5780000)
 ParOldGen       total 56320K, used 13313K [0x00000000a0000000, 0x00000000a3700000, 0x00000000e0000000)
  object space 56320K, 23% used [0x00000000a0000000,0x00000000a0d006e8,0x00000000a3700000)
 Metaspace       used 34676K, capacity 35262K, committed 35416K, reserved 1079296K
  class space    used 4783K, capacity 4976K, committed 4992K, reserved 1048576K
Event: 29.710 GC heap after
Heap after GC invocations=12 (full 2):
 PSYoungGen      total 88064K, used 0K [0x00000000e0000000, 0x00000000e6180000, 0x0000000100000000)
  eden space 79360K, 0% used [0x00000000e0000000,0x00000000e0000000,0x00000000e4d80000)
  from space 8704K, 0% used [0x00000000e5900000,0x00000000e5900000,0x00000000e6180000)
  to   space 10240K, 0% used [0x00000000e4d80000,0x00000000e4d80000,0x00000000e5780000)
 ParOldGen       total 83968K, used 17562K [0x00000000a0000000, 0x00000000a5200000, 0x00000000e0000000)
  object space 83968K, 20% used [0x00000000a0000000,0x00000000a1126ab0,0x00000000a5200000)
 Metaspace       used 34665K, capacity 35226K, committed 35416K, reserved 1079296K
  class space    used 4780K, capacity 4970K, committed 4992K, reserved 1048576K
}
Event: 33.946 GC heap before
{Heap before GC invocations=13 (full 2):
 PSYoungGen      total 88064K, used 79360K [0x00000000e0000000, 0x00000000e6180000, 0x0000000100000000)
  eden space 79360K, 100% used [0x00000000e0000000,0x00000000e4d80000,0x00000000e4d80000)
  from space 8704K, 0% used [0x00000000e5900000,0x00000000e5900000,0x00000000e6180000)
  to   space 10240K, 0% used [0x00000000e4d80000,0x00000000e4d80000,0x00000000e5780000)
 ParOldGen       total 83968K, used 17562K [0x00000000a0000000, 0x00000000a5200000, 0x00000000e0000000)
  object space 83968K, 20% used [0x00000000a0000000,0x00000000a1126ab0,0x00000000a5200000)
 Metaspace       used 43479K, capacity 44246K, committed 44760K, reserved 1087488K
  class space    used 5831K, capacity 6063K, committed 6144K, reserved 1048576K
Event: 33.974 GC heap after
Heap after GC invocations=13 (full 2):
 PSYoungGen      total 89600K, used 10236K [0x00000000e0000000, 0x00000000e7c80000, 0x0000000100000000)
  eden space 79360K, 0% used [0x00000000e0000000,0x00000000e0000000,0x00000000e4d80000)
  from space 10240K, 99% used [0x00000000e4d80000,0x00000000e577f338,0x00000000e5780000)
  to   space 12288K, 0% used [0x00000000e7080000,0x00000000e7080000,0x00000000e7c80000)
 ParOldGen       total 83968K, used 19329K [0x00000000a0000000, 0x00000000a5200000, 0x00000000e0000000)
  object space 83968K, 23% used [0x00000000a0000000,0x00000000a12e0420,0x00000000a5200000)
 Metaspace       used 43479K, capacity 44246K, committed 44760K, reserved 1087488K
  class space    used 5831K, capacity 6063K, committed 6144K, reserved 1048576K
}
Event: 38.802 GC heap before
{Heap before GC invocations=14 (full 2):
 PSYoungGen      total 89600K, used 89596K [0x00000000e0000000, 0x00000000e7c80000, 0x0000000100000000)
  eden space 79360K, 100% used [0x00000000e0000000,0x00000000e4d80000,0x00000000e4d80000)
  from space 10240K, 99% used [0x00000000e4d80000,0x00000000e577f338,0x00000000e5780000)
  to   space 12288K, 0% used [0x00000000e7080000,0x00000000e7080000,0x00000000e7c80000)
 ParOldGen       total 83968K, used 19329K [0x00000000a0000000, 0x00000000a5200000, 0x00000000e0000000)
  object space 83968K, 23% used [0x00000000a0000000,0x00000000a12e0420,0x00000000a5200000)
 Metaspace       used 50056K, capacity 51016K, committed 51288K, reserved 1093632K
  class space    used 6731K, capacity 6993K, committed 7040K, reserved 1048576K
Event: 38.831 GC heap after
Heap after GC invocations=14 (full 2):
 PSYoungGen      total 112128K, used 8240K [0x00000000e0000000, 0x00000000e7b00000, 0x0000000100000000)
  eden space 101376K, 0% used [0x00000000e0000000,0x00000000e0000000,0x00000000e6300000)
  from space 10752K, 76% used [0x00000000e7080000,0x00000000e788c2d0,0x00000000e7b00000)
  to   space 12288K, 0% used [0x00000000e6300000,0x00000000e6300000,0x00000000e6f00000)
 ParOldGen       total 83968K, used 24108K [0x00000000a0000000, 0x00000000a5200000, 0x00000000e0000000)
  object space 83968K, 28% used [0x00000000a0000000,0x00000000a178b1e8,0x00000000a5200000)
 Metaspace       used 50056K, capacity 51016K, committed 51288K, reserved 1093632K
  class space    used 6731K, capacity 6993K, committed 7040K, reserved 1048576K
}

Deoptimization events (10 events):
Event: 39.874 Thread 0x00000000190aa800 Uncommon trap: reason=unstable_if action=reinterpret pc=0x00000000038c5cb4 method=com.sun.org.apache.xerces.internal.impl.XMLEntityScanner.checkBeforeLoad(Lcom/sun/xml/internal/stream/Entity$ScannedEntity;II)I @ 18
Event: 41.940 Thread 0x00000000190aa800 Uncommon trap: reason=unstable_if action=reinterpret pc=0x0000000002df9864 method=java.lang.String.lastIndexOf([CII[CIII)I @ 17
Event: 42.545 Thread 0x00000000190aa800 Uncommon trap: reason=unstable_if action=reinterpret pc=0x0000000002d82e28 method=java.util.concurrent.ConcurrentHashMap.putVal(Ljava/lang/Object;Ljava/lang/Object;Z)Ljava/lang/Object; @ 195
Event: 42.769 Thread 0x00000000190aa800 Uncommon trap: reason=unstable_if action=reinterpret pc=0x000000000341b448 method=kotlin.reflect.jvm.internal.impl.protobuf.CodedInputStream.readRawVarint32()I @ 10
Event: 43.880 Thread 0x00000000190aa800 Uncommon trap: reason=class_check action=maybe_recompile pc=0x0000000003964c28 method=java.util.regex.Matcher.search(I)Z @ 86
Event: 43.880 Thread 0x00000000190aa800 Uncommon trap: reason=class_check action=maybe_recompile pc=0x00000000038f7a48 method=java.util.regex.Matcher.search(I)Z @ 86
Event: 43.889 Thread 0x00000000190aa800 Uncommon trap: reason=unstable_if action=reinterpret pc=0x00000000038d9dec method=java.util.regex.Pattern$LastNode.match(Ljava/util/regex/Matcher;ILjava/lang/CharSequence;)Z @ 13
Event: 43.889 Thread 0x00000000190aa800 Uncommon trap: reason=unstable_if action=reinterpret pc=0x00000000039097e8 method=java.util.regex.Pattern$GroupTail.match(Ljava/util/regex/Matcher;ILjava/lang/CharSequence;)Z @ 73
Event: 43.889 Thread 0x00000000190aa800 Uncommon trap: reason=unstable_if action=reinterpret pc=0x00000000038ea3e0 method=java.util.regex.Pattern$LastNode.match(Ljava/util/regex/Matcher;ILjava/lang/CharSequence;)Z @ 13
Event: 43.889 Thread 0x00000000190aa800 Uncommon trap: reason=unstable_if action=reinterpret pc=0x00000000039097e8 method=java.util.regex.Pattern$GroupTail.match(Ljava/util/regex/Matcher;ILjava/lang/CharSequence;)Z @ 73

Classes redefined (0 events):
No events

Internal exceptions (10 events):
Event: 39.743 Thread 0x00000000190aa800 Exception <a 'sun/nio/fs/WindowsException'> (0x00000000e0e4a210) thrown at [D:\src\AOSP-openjdk-cygwin\jdk8u\hotspot\src\share\vm\prims\jni.cpp, line 709]
Event: 40.046 Thread 0x00000000190aa800 Exception <a 'java/lang/NoSuchMethodError': java.lang.Object.lambda$comparing$77a9974f$1(Ljava/util/function/Function;Ljava/lang/Object;Ljava/lang/Object;)I> (0x00000000e0fe7150) thrown at [D:\src\AOSP-openjdk-cygwin\jdk8u\hotspot\src\share\vm\interpreter
Event: 40.050 Thread 0x00000000190aa800 Exception <a 'java/lang/NoSuchMethodError': java.lang.Object.lambda$thenComparing$36697e65$1(Ljava/util/Comparator;Ljava/lang/Object;Ljava/lang/Object;)I> (0x00000000e0ff29b8) thrown at [D:\src\AOSP-openjdk-cygwin\jdk8u\hotspot\src\share\vm\interpreter\li
Event: 40.152 Thread 0x00000000190aa800 Exception <a 'java/lang/NoSuchMethodError': java.lang.Object.lambda$maxBy$1(Ljava/util/Comparator;Ljava/lang/Object;Ljava/lang/Object;)Ljava/lang/Object;> (0x00000000e1266818) thrown at [D:\src\AOSP-openjdk-cygwin\jdk8u\hotspot\src\share\vm\interpreter\li
Event: 40.959 Thread 0x00000000190aa800 Exception <a 'java/lang/ClassNotFoundException': org/gradle/api/plugins/internal/DefaultBasePluginConventionBeanInfo> (0x00000000e198f730) thrown at [D:\src\AOSP-openjdk-cygwin\jdk8u\hotspot\src\share\vm\classfile\systemDictionary.cpp, line 210]
Event: 40.965 Thread 0x00000000190aa800 Exception <a 'java/lang/ClassNotFoundException': org/gradle/api/plugins/BasePluginConventionBeanInfo> (0x00000000e19b6b78) thrown at [D:\src\AOSP-openjdk-cygwin\jdk8u\hotspot\src\share\vm\classfile\systemDictionary.cpp, line 210]
Event: 40.968 Thread 0x00000000190aa800 Exception <a 'java/lang/ClassNotFoundException': org/gradle/api/plugins/BasePluginConventionCustomizer> (0x00000000e19dea08) thrown at [D:\src\AOSP-openjdk-cygwin\jdk8u\hotspot\src\share\vm\classfile\systemDictionary.cpp, line 210]
Event: 40.979 Thread 0x00000000190aa800 Exception <a 'java/lang/ClassNotFoundException': org/gradle/api/plugins/internal/DefaultBasePluginConventionCustomizer> (0x00000000e1a20170) thrown at [D:\src\AOSP-openjdk-cygwin\jdk8u\hotspot\src\share\vm\classfile\systemDictionary.cpp, line 210]
Event: 41.002 Thread 0x00000000190aa800 Exception <a 'java/lang/NoSuchMethodError': java.lang.Object.lambda$comparingInt$7b0bb60$1(Ljava/util/function/ToIntFunction;Ljava/lang/Object;Ljava/lang/Object;)I> (0x00000000e1a95280) thrown at [D:\src\AOSP-openjdk-cygwin\jdk8u\hotspot\src\share\vm\inte
Event: 41.006 Thread 0x00000000190aa800 Exception <a 'java/lang/NoSuchMethodError': java.lang.Object.lambda$comparing$ea9a8b3a$1(Ljava/util/Comparator;Ljava/util/function/Function;Ljava/lang/Object;Ljava/lang/Object;)I> (0x00000000e1a9f618) thrown at [D:\src\AOSP-openjdk-cygwin\jdk8u\hotspot\sr

Events (10 events):
Event: 43.909 loading class org/gradle/api/tasks/TaskProvider
Event: 43.909 loading class org/gradle/api/tasks/TaskProvider done
Event: 43.909 loading class org/gradle/api/tasks/TaskProvider
Event: 43.909 loading class org/gradle/api/tasks/TaskProvider done
Event: 43.910 loading class com/android/build/gradle/tasks/LintPerVariantTask
Event: 43.910 loading class com/android/build/gradle/tasks/LintPerVariantTask done
Event: 43.912 loading class com/android/build/gradle/internal/tasks/featuresplit/FeatureSplitTransitiveDepsWriterTask
Event: 43.912 loading class com/android/build/gradle/internal/tasks/featuresplit/FeatureSplitTransitiveDepsWriterTask done
Event: 43.915 loading class com/android/build/gradle/internal/tasks/PerModuleBundleTask
Event: 43.915 loading class com/android/build/gradle/internal/tasks/PerModuleBundleTask done


Dynamic libraries:
0x00007ff786eb0000 - 0x00007ff786ee1000 	C:\Program Files\Android\Android Studio\jre\bin\java.exe
0x00007ffd256b0000 - 0x00007ffd25891000 	C:\WINDOWS\SYSTEM32\ntdll.dll
0x00007ffd255c0000 - 0x00007ffd25671000 	C:\WINDOWS\System32\KERNEL32.DLL
0x00007ffd21a80000 - 0x00007ffd21cf3000 	C:\WINDOWS\System32\KERNELBASE.dll
0x00007ffd23070000 - 0x00007ffd23111000 	C:\WINDOWS\System32\ADVAPI32.dll
0x00007ffd253e0000 - 0x00007ffd2547e000 	C:\WINDOWS\System32\msvcrt.dll
0x00007ffd23a30000 - 0x00007ffd23a8b000 	C:\WINDOWS\System32\sechost.dll
0x00007ffd238a0000 - 0x00007ffd239c4000 	C:\WINDOWS\System32\RPCRT4.dll
0x00007ffd23e00000 - 0x00007ffd23f90000 	C:\WINDOWS\System32\USER32.dll
0x00007ffd22930000 - 0x00007ffd22950000 	C:\WINDOWS\System32\win32u.dll
0x00007ffd23a00000 - 0x00007ffd23a28000 	C:\WINDOWS\System32\GDI32.dll
0x00007ffd21d00000 - 0x00007ffd21e92000 	C:\WINDOWS\System32\gdi32full.dll
0x00007ffd220d0000 - 0x00007ffd2216f000 	C:\WINDOWS\System32\msvcp_win.dll
0x00007ffd21f20000 - 0x00007ffd22018000 	C:\WINDOWS\System32\ucrtbase.dll
0x00007ffd10470000 - 0x00007ffd106d9000 	C:\WINDOWS\WinSxS\amd64_microsoft.windows.common-controls_6595b64144ccf1df_6.0.17134.765_none_fb42a1a930655896\COMCTL32.dll
0x00007ffd22ca0000 - 0x00007ffd22fc2000 	C:\WINDOWS\System32\combase.dll
0x00007ffd21ea0000 - 0x00007ffd21f1a000 	C:\WINDOWS\System32\bcryptPrimitives.dll
0x00007ffd239d0000 - 0x00007ffd239fd000 	C:\WINDOWS\System32\IMM32.DLL
0x0000000074ea0000 - 0x0000000074f72000 	C:\Program Files\Android\Android Studio\jre\jre\bin\msvcr100.dll
0x0000000074330000 - 0x0000000074b71000 	C:\Program Files\Android\Android Studio\jre\jre\bin\server\jvm.dll
0x00007ffd253d0000 - 0x00007ffd253d8000 	C:\WINDOWS\System32\PSAPI.DLL
0x00007ffd1a280000 - 0x00007ffd1a289000 	C:\WINDOWS\SYSTEM32\WSOCK32.dll
0x00007ffd25550000 - 0x00007ffd255bc000 	C:\WINDOWS\System32\WS2_32.dll
0x00007ffd12d90000 - 0x00007ffd12d9a000 	C:\WINDOWS\SYSTEM32\VERSION.dll
0x00007ffd1f700000 - 0x00007ffd1f723000 	C:\WINDOWS\SYSTEM32\WINMM.dll
0x00007ffd1f6d0000 - 0x00007ffd1f6fa000 	C:\WINDOWS\SYSTEM32\WINMMBASE.dll
0x00007ffd22170000 - 0x00007ffd221b9000 	C:\WINDOWS\System32\cfgmgr32.dll
0x00007ffd1a200000 - 0x00007ffd1a20f000 	C:\Program Files\Android\Android Studio\jre\jre\bin\verify.dll
0x00007ffd08950000 - 0x00007ffd08979000 	C:\Program Files\Android\Android Studio\jre\jre\bin\java.dll
0x00007ffd12230000 - 0x00007ffd12246000 	C:\Program Files\Android\Android Studio\jre\jre\bin\zip.dll
0x00007ffd23f90000 - 0x00007ffd253d0000 	C:\WINDOWS\System32\SHELL32.dll
0x00007ffd23d50000 - 0x00007ffd23df9000 	C:\WINDOWS\System32\shcore.dll
0x00007ffd22220000 - 0x00007ffd2292d000 	C:\WINDOWS\System32\windows.storage.dll
0x00007ffd23160000 - 0x00007ffd231b1000 	C:\WINDOWS\System32\shlwapi.dll
0x00007ffd21a10000 - 0x00007ffd21a21000 	C:\WINDOWS\System32\kernel.appcore.dll
0x00007ffd21a30000 - 0x00007ffd21a4f000 	C:\WINDOWS\System32\profapi.dll
0x00007ffd219c0000 - 0x00007ffd21a0c000 	C:\WINDOWS\System32\powrprof.dll
0x00007ffd21a50000 - 0x00007ffd21a5a000 	C:\WINDOWS\System32\FLTLIB.DLL
0x00007ffd0d7d0000 - 0x00007ffd0d7ea000 	C:\Program Files\Android\Android Studio\jre\jre\bin\net.dll
0x00007ffd211e0000 - 0x00007ffd21246000 	C:\WINDOWS\system32\mswsock.dll
0x00007ffd087f0000 - 0x00007ffd08801000 	C:\Program Files\Android\Android Studio\jre\jre\bin\nio.dll
0x00007ffd0d890000 - 0x00007ffd0d8ae000 	C:\Users\±è°ÇÇü\.gradle\native\25\windows-amd64\native-platform.dll
0x00007ffd19d80000 - 0x00007ffd19d8d000 	C:\Program Files\Android\Android Studio\jre\jre\bin\management.dll
0x00007ffd21390000 - 0x00007ffd213a7000 	C:\WINDOWS\SYSTEM32\CRYPTSP.dll
0x00007ffd20dc0000 - 0x00007ffd20df3000 	C:\WINDOWS\system32\rsaenh.dll
0x00007ffd21510000 - 0x00007ffd21535000 	C:\WINDOWS\SYSTEM32\bcrypt.dll
0x00007ffd218f0000 - 0x00007ffd21918000 	C:\WINDOWS\SYSTEM32\USERENV.dll
0x00007ffd217c0000 - 0x00007ffd217cb000 	C:\WINDOWS\SYSTEM32\CRYPTBASE.dll
0x00007ffd20f60000 - 0x00007ffd20f98000 	C:\WINDOWS\SYSTEM32\IPHLPAPI.DLL
0x00007ffd23120000 - 0x00007ffd23128000 	C:\WINDOWS\System32\NSI.dll
0x00007ffd176e0000 - 0x00007ffd176f6000 	C:\WINDOWS\SYSTEM32\dhcpcsvc6.DLL
0x00007ffd17d00000 - 0x00007ffd17d1a000 	C:\WINDOWS\SYSTEM32\dhcpcsvc.DLL

VM Arguments:
jvm_args: -Xmx1536m -Dfile.encoding=x-windows-949 -Duser.country=KR -Duser.language=ko -Duser.variant 
java_command: org.gradle.launcher.daemon.bootstrap.GradleDaemon 5.1.1
java_class_path (initial): C:\Users\±è°ÇÇü\.gradle\wrapper\dists\gradle-5.1.1-all\97z1ksx6lirer3kbvdnh7jtjg\gradle-5.1.1\lib\gradle-launcher-5.1.1.jar
Launcher Type: SUN_STANDARD

Environment Variables:
JAVA_HOME=C:\Program Files\Java\jdk1.8.0_211
CLASSPATH=.;
PATH=C:\Python27\;C:\Python27\Scripts;C:\Program Files\Java\jdk1.8.0_181\bin;C:\Program Files (x86)\Common Files\Oracle\Java\javapath;C:\ProgramData\Oracle\Java\javapath;C:\Users\±è°ÇÇü\AppData\Local\Programs\Python\Python37-32;C:;Program Files (x86)\Intel\iCLS Client\;C:\Program Files\Intel\iCLS Client\;C:\WINDOWS\system32;C:\WINDOWS;C:\WINDOWS\System32\Wbem;C:\WINDOWS\System32\WindowsPowerShell\v1.0\;C:\Program Files\Samsung\SamsungLink\AllShare Framework DMS\bin\;C:\Program Files (x86)\Skype\Phone\;C:\Program Files (x86)\Intel\Intel(R) Management Engine Components\DAL;C:\Program Files\Intel\Intel(R) Management Engine Components\DAL;C:\Program Files (x86)\Intel\Intel(R) Management Engine Components\IPT;C:\Program Files\Intel\Intel(R) Management Engine Components\IPT;C:\Program Files\dotnet\;C:\Program Files\Microsoft SQL Server\130\Tools\Binn\;C:\WINDOWS\System32\OpenSSH\;";C:\Program Files\Android\Android Studio\jre\bin";C:\Program Files\Git\cmd;C:\Program Files\PuTTY\;C:\wamp64\bin\php\php5.6.40;C:\ProgramData\ComposerSetup\bin;C:\ProgramData\chocolatey\bin;C:\Program Files\nodejs\;C:\Program Files\Java\jdk1.8.0_211\bin;C:\Program Files\nodejs;C:\Users\±è°ÇÇü\AppData\Local\Android\sdk;C:\sqlite;C:\Users\±è°ÇÇü\AppData\Local\Microsoft\WindowsApps;C:\Program Files\Bandizip\;C:\Users\±è°ÇÇü\AppData\Local\atom\bin;C:\Users\±è°ÇÇü\AppData\Local\GitHubDesktop\bin;C:\Users\±è°ÇÇü\AppData\Roaming\Composer\vendor\bin;C:\Users\±è°ÇÇü\AppData\Roaming\npm;C:\Users\±è°ÇÇü\AppData\Local\Programs\Microsoft VS Code\bin
USERNAME=±è°ÇÇü
OS=Windows_NT
PROCESSOR_IDENTIFIER=Intel64 Family 6 Model 61 Stepping 4, GenuineIntel



---------------  S Y S T E M  ---------------

OS: Windows 10.0 , 64 bit Build 17134 (10.0.17134.753)

CPU:total 4 (initial active 4) (2 cores per cpu, 2 threads per core) family 6 model 61 stepping 4, cmov, cx8, fxsr, mmx, sse, sse2, sse3, ssse3, sse4.1, sse4.2, popcnt, avx, avx2, aes, clmul, erms, 3dnowpref, lzcnt, ht, tsc, tscinvbit, bmi1, bmi2, adx

Memory: 4k page, physical 8285204k(390208k free), swap 10230804k(3640k free)

vm_info: OpenJDK 64-Bit Server VM (25.152-b01) for windows-amd64 JRE (1.8.0_152-release-1343-b01), built by "builder" with MS VC++ 10.0 (VS2010)

time: Fri May 31 02:15:10 2019
elapsed time: 43 seconds (0d 0h 0m 43s)

